CURRENT MODEL : LSTMAT_Luong_AUTORSS1
CURRENT FILE :  LSTMAT_L_AUTORSS1_TEST2_NTF_500K_imp_10s_20e
[Sanity] Mean-predictor NRMSE ≈ 1.000 (should be ~1.0)
Epoch 1/20 - RMSE: 0.7400, √Loss: 0.8575
Validation - RMSE: 0.7020, √Loss: 0.8378
Epoch 2/20 - RMSE: 0.4487, √Loss: 0.6646
Validation - RMSE: 0.3585, √Loss: 0.5987
Epoch 3/20 - RMSE: 0.2130, √Loss: 0.4586
Validation - RMSE: 0.1934, √Loss: 0.4398
Epoch 4/20 - RMSE: 0.1378, √Loss: 0.3676
Validation - RMSE: 0.1833, √Loss: 0.4281
Epoch 5/20 - RMSE: 0.1093, √Loss: 0.3261
Validation - RMSE: 0.1113, √Loss: 0.3336
Epoch 6/20 - RMSE: 0.0913, √Loss: 0.2971
Validation - RMSE: 0.0950, √Loss: 0.3082
Epoch 7/20 - RMSE: 0.0749, √Loss: 0.2685
Validation - RMSE: 0.0552, √Loss: 0.2349
Epoch 8/20 - RMSE: 0.0649, √Loss: 0.2495
Validation - RMSE: 0.0446, √Loss: 0.2111
Epoch 9/20 - RMSE: 0.0542, √Loss: 0.2266
Validation - RMSE: 0.0405, √Loss: 0.2012
Epoch 10/20 - RMSE: 0.0493, √Loss: 0.2169
Validation - RMSE: 0.0404, √Loss: 0.2010
Epoch 11/20 - RMSE: 0.0427, √Loss: 0.2004
Validation - RMSE: 0.0351, √Loss: 0.1874
Epoch 12/20 - RMSE: 0.0372, √Loss: 0.1866
Validation - RMSE: 0.0241, √Loss: 0.1553
Epoch 13/20 - RMSE: 0.0331, √Loss: 0.1755
Validation - RMSE: 0.0205, √Loss: 0.1432
Epoch 14/20 - RMSE: 0.0291, √Loss: 0.1648
Validation - RMSE: 0.0224, √Loss: 0.1496
Epoch 15/20 - RMSE: 0.0255, √Loss: 0.1539
Validation - RMSE: 0.0192, √Loss: 0.1384
Epoch 16/20 - RMSE: 0.0221, √Loss: 0.1431
Validation - RMSE: 0.0152, √Loss: 0.1232
Epoch 17/20 - RMSE: 0.0194, √Loss: 0.1337
Validation - RMSE: 0.0104, √Loss: 0.1022
Epoch 18/20 - RMSE: 0.0173, √Loss: 0.1261
Validation - RMSE: 0.0078, √Loss: 0.0884
Epoch 19/20 - RMSE: 0.0160, √Loss: 0.1213
Validation - RMSE: 0.0062, √Loss: 0.0788
Epoch 20/20 - RMSE: 0.0155, √Loss: 0.1190
Validation - RMSE: 0.0055, √Loss: 0.0744
[DEBUG] Predicted Frequencies: min=-1.41, max=1.48
[DEBUG] Predicted Frequencies: min=-1.05, max=1.22
[DEBUG] Predicted Frequencies: min=-2.02, max=1.31
[DEBUG] Predicted Frequencies: min=-1.35, max=0.55
