CURRENT MODEL : RNN_GRU_LSTM_AUTOR_SS
CURRENT FILE :  LSTM_AUTORSS_TEST1_NTF_500K_imp_10s_30e
Epoch 1/20 - RMSE: 0.8104, √Loss: 0.8986
Validation - RMSE: 0.7388, √Loss: 0.8595
Epoch 2/20 - RMSE: 0.5478, √Loss: 0.7377
Validation - RMSE: 0.4980, √Loss: 0.7057
Epoch 3/20 - RMSE: 0.2866, √Loss: 0.5319
Validation - RMSE: 0.2652, √Loss: 0.5150
Epoch 4/20 - RMSE: 0.1790, √Loss: 0.4192
Validation - RMSE: 0.1893, √Loss: 0.4351
Epoch 5/20 - RMSE: 0.1347, √Loss: 0.3612
Validation - RMSE: 0.1640, √Loss: 0.4050
Epoch 6/20 - RMSE: 0.1100, √Loss: 0.3251
Validation - RMSE: 0.1151, √Loss: 0.3393
Epoch 7/20 - RMSE: 0.0931, √Loss: 0.2989
Validation - RMSE: 0.0893, √Loss: 0.2988
Epoch 8/20 - RMSE: 0.0828, √Loss: 0.2810
Validation - RMSE: 0.0835, √Loss: 0.2889
Epoch 9/20 - RMSE: 0.0739, √Loss: 0.2649
Validation - RMSE: 0.0637, √Loss: 0.2523
Epoch 10/20 - RMSE: 0.0663, √Loss: 0.2502
Validation - RMSE: 0.0660, √Loss: 0.2570
Epoch 11/20 - RMSE: 0.0595, √Loss: 0.2368
Validation - RMSE: 0.0567, √Loss: 0.2382
Epoch 12/20 - RMSE: 0.0541, √Loss: 0.2257
Validation - RMSE: 0.0469, √Loss: 0.2165
Epoch 13/20 - RMSE: 0.0481, √Loss: 0.2126
Validation - RMSE: 0.0440, √Loss: 0.2098
Epoch 14/20 - RMSE: 0.0428, √Loss: 0.2007
Validation - RMSE: 0.0314, √Loss: 0.1771
Epoch 15/20 - RMSE: 0.0383, √Loss: 0.1897
Validation - RMSE: 0.0286, √Loss: 0.1690
Epoch 16/20 - RMSE: 0.0344, √Loss: 0.1799
Validation - RMSE: 0.0234, √Loss: 0.1529
Epoch 17/20 - RMSE: 0.0311, √Loss: 0.1709
Validation - RMSE: 0.0220, √Loss: 0.1485
Epoch 18/20 - RMSE: 0.0287, √Loss: 0.1644
Validation - RMSE: 0.0184, √Loss: 0.1358
Epoch 19/20 - RMSE: 0.0273, √Loss: 0.1603
Validation - RMSE: 0.0166, √Loss: 0.1290
Epoch 20/20 - RMSE: 0.0266, √Loss: 0.1586
Validation - RMSE: 0.0159, √Loss: 0.1260
[DEBUG] Predicted Frequencies: min=-1.46, max=1.52
[DEBUG] Predicted Frequencies: min=-1.09, max=1.21
[DEBUG] Predicted Frequencies: min=-2.02, max=1.35
[DEBUG] Predicted Frequencies: min=-1.30, max=0.59
