CURRENT MODEL : RNN_GRU_LSTM_AUTOR_SS
CURRENT FILE :  LSTM_AUTORSS_TEST1_NTF_500K_imp_50s_30e
Epoch 1/20 - RMSE: 0.8133, √Loss: 0.8993
Validation - RMSE: 0.7129, √Loss: 0.8444
Epoch 2/20 - RMSE: 0.4651, √Loss: 0.6780
Validation - RMSE: 0.3744, √Loss: 0.6119
Epoch 3/20 - RMSE: 0.2583, √Loss: 0.5075
Validation - RMSE: 0.2762, √Loss: 0.5255
Epoch 4/20 - RMSE: 0.1960, √Loss: 0.4423
Validation - RMSE: 0.2156, √Loss: 0.4643
Epoch 5/20 - RMSE: 0.1572, √Loss: 0.3962
Validation - RMSE: 0.1855, √Loss: 0.4306
Epoch 6/20 - RMSE: 0.1310, √Loss: 0.3617
Validation - RMSE: 0.1401, √Loss: 0.3743
Epoch 7/20 - RMSE: 0.1109, √Loss: 0.3327
Validation - RMSE: 0.1175, √Loss: 0.3428
Epoch 8/20 - RMSE: 0.0953, √Loss: 0.3083
Validation - RMSE: 0.0894, √Loss: 0.2989
Epoch 9/20 - RMSE: 0.0831, √Loss: 0.2880
Validation - RMSE: 0.0779, √Loss: 0.2791
Epoch 10/20 - RMSE: 0.0750, √Loss: 0.2735
Validation - RMSE: 0.0726, √Loss: 0.2694
Epoch 11/20 - RMSE: 0.0686, √Loss: 0.2614
Validation - RMSE: 0.0670, √Loss: 0.2589
Epoch 12/20 - RMSE: 0.0629, √Loss: 0.2504
Validation - RMSE: 0.0600, √Loss: 0.2450
Epoch 13/20 - RMSE: 0.0581, √Loss: 0.2406
Validation - RMSE: 0.0549, √Loss: 0.2344
Epoch 14/20 - RMSE: 0.0532, √Loss: 0.2303
Validation - RMSE: 0.0514, √Loss: 0.2266
Epoch 15/20 - RMSE: 0.0492, √Loss: 0.2213
Validation - RMSE: 0.0473, √Loss: 0.2175
Epoch 16/20 - RMSE: 0.0451, √Loss: 0.2119
Validation - RMSE: 0.0453, √Loss: 0.2128
Epoch 17/20 - RMSE: 0.0420, √Loss: 0.2046
Validation - RMSE: 0.0428, √Loss: 0.2069
Epoch 18/20 - RMSE: 0.0396, √Loss: 0.1986
Validation - RMSE: 0.0409, √Loss: 0.2023
Epoch 19/20 - RMSE: 0.0380, √Loss: 0.1945
Validation - RMSE: 0.0404, √Loss: 0.2009
Epoch 20/20 - RMSE: 0.0372, √Loss: 0.1924
Validation - RMSE: 0.0400, √Loss: 0.2001
[DEBUG] Predicted Frequencies: min=-2.98, max=2.34
[DEBUG] Predicted Frequencies: min=-2.49, max=2.37
[DEBUG] Predicted Frequencies: min=-2.64, max=1.65
[DEBUG] Predicted Frequencies: min=-1.37, max=2.66
