CURRENT MODEL : RNN_GRU_LSTM_AUTOR_SS
CURRENT FILE :  RNN_AUTORSS_TEST2_NTF_500K_imp_10s_30e
Epoch 1/20 - RMSE: 0.8064, √Loss: 0.8963
Validation - RMSE: 0.7338, √Loss: 0.8566
Epoch 2/20 - RMSE: 0.5441, √Loss: 0.7351
Validation - RMSE: 0.5055, √Loss: 0.7110
Epoch 3/20 - RMSE: 0.2855, √Loss: 0.5309
Validation - RMSE: 0.2647, √Loss: 0.5145
Epoch 4/20 - RMSE: 0.1796, √Loss: 0.4199
Validation - RMSE: 0.2750, √Loss: 0.5244
Epoch 5/20 - RMSE: 0.1354, √Loss: 0.3621
Validation - RMSE: 0.1285, √Loss: 0.3585
Epoch 6/20 - RMSE: 0.1091, √Loss: 0.3239
Validation - RMSE: 0.1147, √Loss: 0.3387
Epoch 7/20 - RMSE: 0.0937, √Loss: 0.2997
Validation - RMSE: 0.0921, √Loss: 0.3034
Epoch 8/20 - RMSE: 0.0838, √Loss: 0.2828
Validation - RMSE: 0.0994, √Loss: 0.3152
Epoch 9/20 - RMSE: 0.0752, √Loss: 0.2672
Validation - RMSE: 0.0709, √Loss: 0.2662
Epoch 10/20 - RMSE: 0.0678, √Loss: 0.2534
Validation - RMSE: 0.0638, √Loss: 0.2525
Epoch 11/20 - RMSE: 0.0609, √Loss: 0.2397
Validation - RMSE: 0.0617, √Loss: 0.2484
Epoch 12/20 - RMSE: 0.0550, √Loss: 0.2278
Validation - RMSE: 0.0552, √Loss: 0.2350
Epoch 13/20 - RMSE: 0.0494, √Loss: 0.2153
Validation - RMSE: 0.0426, √Loss: 0.2064
Epoch 14/20 - RMSE: 0.0443, √Loss: 0.2039
Validation - RMSE: 0.0431, √Loss: 0.2075
Epoch 15/20 - RMSE: 0.0395, √Loss: 0.1927
Validation - RMSE: 0.0314, √Loss: 0.1773
Epoch 16/20 - RMSE: 0.0353, √Loss: 0.1823
Validation - RMSE: 0.0287, √Loss: 0.1694
Epoch 17/20 - RMSE: 0.0321, √Loss: 0.1738
Validation - RMSE: 0.0211, √Loss: 0.1453
Epoch 18/20 - RMSE: 0.0297, √Loss: 0.1673
Validation - RMSE: 0.0212, √Loss: 0.1458
Epoch 19/20 - RMSE: 0.0282, √Loss: 0.1629
Validation - RMSE: 0.0169, √Loss: 0.1299
Epoch 20/20 - RMSE: 0.0276, √Loss: 0.1613
Validation - RMSE: 0.0159, √Loss: 0.1261
[DEBUG] Predicted Frequencies: min=-1.45, max=1.57
[DEBUG] Predicted Frequencies: min=-1.12, max=1.24
[DEBUG] Predicted Frequencies: min=-2.07, max=1.33
[DEBUG] Predicted Frequencies: min=-1.35, max=0.59
