CURRENT MODEL : LSTMAT_Luong_AUTORSS1
CURRENT FILE :  LSTMAT_L_AUTORSS1_TEST2_NTF_500K_imp_20s_20e
[Sanity] Mean-predictor NRMSE ≈ 1.000 (should be ~1.0)
Epoch 1/20 - RMSE: 0.7796, √Loss: 0.8806
Validation - RMSE: 0.7276, √Loss: 0.8530
Epoch 2/20 - RMSE: 0.4087, √Loss: 0.6342
Validation - RMSE: 0.4112, √Loss: 0.6413
Epoch 3/20 - RMSE: 0.2325, √Loss: 0.4812
Validation - RMSE: 0.2490, √Loss: 0.4990
Epoch 4/20 - RMSE: 0.1768, √Loss: 0.4196
Validation - RMSE: 0.1907, √Loss: 0.4367
Epoch 5/20 - RMSE: 0.1453, √Loss: 0.3803
Validation - RMSE: 0.1700, √Loss: 0.4123
Epoch 6/20 - RMSE: 0.1183, √Loss: 0.3428
Validation - RMSE: 0.1055, √Loss: 0.3247
Epoch 7/20 - RMSE: 0.0979, √Loss: 0.3117
Validation - RMSE: 0.0904, √Loss: 0.3006
Epoch 8/20 - RMSE: 0.0843, √Loss: 0.2890
Validation - RMSE: 0.0687, √Loss: 0.2621
Epoch 9/20 - RMSE: 0.0745, √Loss: 0.2715
Validation - RMSE: 0.0864, √Loss: 0.2939
Epoch 10/20 - RMSE: 0.0664, √Loss: 0.2561
Validation - RMSE: 0.0530, √Loss: 0.2303
Epoch 11/20 - RMSE: 0.0594, √Loss: 0.2424
Validation - RMSE: 0.0488, √Loss: 0.2208
Epoch 12/20 - RMSE: 0.0535, √Loss: 0.2298
Validation - RMSE: 0.0404, √Loss: 0.2010
Epoch 13/20 - RMSE: 0.0480, √Loss: 0.2175
Validation - RMSE: 0.0399, √Loss: 0.1996
Epoch 14/20 - RMSE: 0.0425, √Loss: 0.2049
Validation - RMSE: 0.0356, √Loss: 0.1887
Epoch 15/20 - RMSE: 0.0379, √Loss: 0.1934
Validation - RMSE: 0.0321, √Loss: 0.1792
Epoch 16/20 - RMSE: 0.0333, √Loss: 0.1812
Validation - RMSE: 0.0298, √Loss: 0.1726
Epoch 17/20 - RMSE: 0.0296, √Loss: 0.1706
Validation - RMSE: 0.0275, √Loss: 0.1658
Epoch 18/20 - RMSE: 0.0266, √Loss: 0.1616
Validation - RMSE: 0.0256, √Loss: 0.1600
Epoch 19/20 - RMSE: 0.0246, √Loss: 0.1554
Validation - RMSE: 0.0248, √Loss: 0.1573
Epoch 20/20 - RMSE: 0.0236, √Loss: 0.1523
Validation - RMSE: 0.0245, √Loss: 0.1566
[DEBUG] Predicted Frequencies: min=-2.08, max=2.35
[DEBUG] Predicted Frequencies: min=-2.74, max=1.96
[DEBUG] Predicted Frequencies: min=-0.95, max=1.83
[DEBUG] Predicted Frequencies: min=-1.90, max=1.74
