STUDY NAME: lstm_luong_autor_ss_tuning_10s_v1
[Sanity] Mean-predictor NRMSE ≈ 1.000 (should be ~1.0)
[I 2025-09-05 07:49:26,853] Trial 2 finished with value: 0.22197040915489197 and parameters: {'hidden_dim': 512, 'num_layers': 3, 'dropout': 0.031198904067240532, 'attn_dropout': 0.005808361216819946, 'attn_mode': 'general', 'use_layernorm': True, 'use_mlp_head': True, 'lr': 0.00022948683681130568, 'weight_decay': 3.5113563139704077e-06, 'tf_mode': 'exp', 'tf_start': 0.8863890037284232, 'tf_end': 0.08736874205941257, 'max_lr_mult': 3.447411578889518}. Best is trial 2 with value: 0.22197040915489197.
[I 2025-09-05 08:44:21,813] Trial 3 finished with value: 0.7201566696166992 and parameters: {'hidden_dim': 768, 'num_layers': 6, 'dropout': 0.03993475643167195, 'attn_dropout': 0.05142344384136116, 'attn_mode': 'general', 'use_layernorm': True, 'use_mlp_head': False, 'lr': 0.0043709904681305065, 'weight_decay': 0.0002661901888489054, 'tf_mode': 'exp', 'tf_start': 0.8880304987479203, 'tf_end': 0.036611470453433645, 'max_lr_mult': 2.9807076404450807}. Best is trial 4 with value: 0.14065302908420563.
[I 2025-09-05 09:29:40,863] Trial 6 finished with value: 0.15188057720661163 and parameters: {'hidden_dim': 512, 'num_layers': 4, 'dropout': 0.10401360423556216, 'attn_dropout': 0.054671027934327966, 'attn_mode': 'dot', 'use_layernorm': False, 'use_mlp_head': True, 'lr': 0.0036832964384234204, 'weight_decay': 1.8427970406864558e-06, 'tf_mode': 'exp', 'tf_start': 0.8777354579378964, 'tf_end': 0.08140470953216877, 'max_lr_mult': 4.314950036607717}. Best is trial 4 with value: 0.14065302908420563.
[I 2025-09-05 10:24:05,177] Trial 7 finished with value: 0.15571379661560059 and parameters: {'hidden_dim': 640, 'num_layers': 6, 'dropout': 0.014910128735954166, 'attn_dropout': 0.09868869366005173, 'attn_mode': 'general', 'use_layernorm': False, 'use_mlp_head': False, 'lr': 0.0020434554984161395, 'weight_decay': 1.6677615430197902e-06, 'tf_mode': 'exp', 'tf_start': 0.9246596253655116, 'tf_end': 0.09926940745579475, 'max_lr_mult': 1.2542334011440945}. Best is trial 4 with value: 0.14065302908420563.
[I 2025-09-05 11:15:55,524] Trial 9 finished with value: 0.1396842747926712 and parameters: {'hidden_dim': 640, 'num_layers': 6, 'dropout': 0.09444298503238986, 'attn_dropout': 0.01195942459383017, 'attn_mode': 'dot', 'use_layernorm': False, 'use_mlp_head': False, 'lr': 0.0005325732706437209, 'weight_decay': 1.1919481947918734e-06, 'tf_mode': 'exp', 'tf_start': 0.8628711962152653, 'tf_end': 0.15257120734941082, 'max_lr_mult': 4.6302658957043725}. Best is trial 9 with value: 0.1396842747926712.
[I 2025-09-05 11:31:59,643] Trial 13 pruned. 
[I 2025-09-05 11:41:35,921] Trial 14 pruned. 
[I 2025-09-05 11:51:54,811] Trial 15 pruned. 
[I 2025-09-05 12:44:01,353] Trial 17 finished with value: 0.14014938473701477 and parameters: {'hidden_dim': 768, 'num_layers': 6, 'dropout': 0.026870783441018252, 'attn_dropout': 0.05414789518543295, 'attn_mode': 'dot', 'use_layernorm': False, 'use_mlp_head': False, 'lr': 0.0006314473863383441, 'weight_decay': 4.251495638811055e-06, 'tf_mode': 'linear', 'tf_start': 0.846934613720333, 'tf_end': 0.2989329082811166, 'max_lr_mult': 2.955958087423581}. Best is trial 12 with value: 0.13260303437709808.
[I 2025-09-05 12:53:13,481] Trial 22 pruned. 
[I 2025-09-05 13:03:33,012] Trial 23 pruned. 
[I 2025-09-05 14:00:56,105] Trial 25 finished with value: 0.13112454116344452 and parameters: {'hidden_dim': 768, 'num_layers': 6, 'dropout': 0.07699358062447728, 'attn_dropout': 0.055879858304331446, 'attn_mode': 'dot', 'use_layernorm': True, 'use_mlp_head': True, 'lr': 0.0016988731586115538, 'weight_decay': 1.461022408158231e-06, 'tf_mode': 'exp', 'tf_start': 0.8866342016637838, 'tf_end': 0.2715268455018385, 'max_lr_mult': 3.4653408711777205}. Best is trial 25 with value: 0.13112454116344452.
[I 2025-09-05 14:18:10,802] Trial 28 pruned. 
[I 2025-09-05 14:35:03,240] Trial 30 pruned. 
[I 2025-09-05 14:45:42,803] Trial 32 pruned. 
[I 2025-09-05 15:02:16,959] Trial 35 pruned. 
[I 2025-09-05 15:13:46,826] Trial 39 pruned. 
[I 2025-09-05 15:24:48,424] Trial 41 pruned. 
[I 2025-09-05 15:37:38,861] Trial 43 pruned. 
[I 2025-09-05 15:48:14,403] Trial 45 pruned. 

✅ Best trial:
  Value: 0.13112454116344452
  Params: {'hidden_dim': 768, 'num_layers': 6, 'dropout': 0.07699358062447728, 'attn_dropout': 0.055879858304331446, 'attn_mode': 'dot', 'use_layernorm': True, 'use_mlp_head': True, 'lr': 0.0016988731586115538, 'weight_decay': 1.461022408158231e-06, 'tf_mode': 'exp', 'tf_start': 0.8866342016637838, 'tf_end': 0.2715268455018385, 'max_lr_mult': 3.4653408711777205}

📊 Dashboard hint:
optuna-dashboard sqlite://///gpfs/workdir/lagardema/MANON/optuna_lstm_luong_autorss_10s_v1.db --port 5015 --host 127.0.0.1
