CURRENT MODEL : LSTMAT_AUTORSS
CURRENT FILE :  LSTMAT_AUTORSS_TEST2_NTF_500K_imp_20s_20e
[Sanity] Mean-predictor NRMSE ≈ 1.000 (should be ~1.0)
Epoch 1/20 - RMSE: 1.4212, √Loss: 1.0242
Validation - RMSE: 1.0584, √Loss: 1.0288
Epoch 2/20 - RMSE: 1.0906, √Loss: 1.0438
Validation - RMSE: 1.1440, √Loss: 1.0696
Epoch 3/20 - RMSE: 2.1909, √Loss: 1.1471
Validation - RMSE: 1.1996, √Loss: 1.0953
Epoch 4/20 - RMSE: 1.6661, √Loss: 1.2630
Validation - RMSE: 1.5547, √Loss: 1.2469
Epoch 5/20 - RMSE: 2.2903, √Loss: 1.4469
Validation - RMSE: 2.7966, √Loss: 1.6723
Epoch 6/20 - RMSE: 4.2939, √Loss: 1.5962
Validation - RMSE: 1.5228, √Loss: 1.2340
Epoch 7/20 - RMSE: 73.0966, √Loss: 1.7415
Validation - RMSE: 2.0432, √Loss: 1.4294
Epoch 8/20 - RMSE: 2.7648, √Loss: 1.6358
Validation - RMSE: 3.0813, √Loss: 1.7553
Epoch 9/20 - RMSE: 1681.0603, √Loss: 2.1446
Validation - RMSE: 1.9763, √Loss: 1.4058
Epoch 10/20 - RMSE: 2.3609, √Loss: 1.5325
Validation - RMSE: 2.5051, √Loss: 1.5828
Epoch 11/20 - RMSE: 4745.5477, √Loss: 2.1317
Validation - RMSE: 1.5531, √Loss: 1.2462
Epoch 12/20 - RMSE: 1.8326, √Loss: 1.3473
Validation - RMSE: 1.7322, √Loss: 1.3161
Epoch 13/20 - RMSE: 1.6319, √Loss: 1.2731
Validation - RMSE: 1.4949, √Loss: 1.2226
Epoch 14/20 - RMSE: 1.4430, √Loss: 1.1983
Validation - RMSE: 1.2701, √Loss: 1.1270
Epoch 15/20 - RMSE: 1.2719, √Loss: 1.1258
Validation - RMSE: 1.1307, √Loss: 1.0634
Epoch 16/20 - RMSE: 59.4977, √Loss: 1.1499
Validation - RMSE: 1.0839, √Loss: 1.0411
Epoch 17/20 - RMSE: 1.0736, √Loss: 1.0360
Validation - RMSE: 1.0388, √Loss: 1.0192
Epoch 18/20 - RMSE: 1.0295, √Loss: 1.0145
Validation - RMSE: 1.0166, √Loss: 1.0083
Epoch 19/20 - RMSE: 1.0090, √Loss: 1.0044
Validation - RMSE: 1.0082, √Loss: 1.0041
Epoch 20/20 - RMSE: 1.0015, √Loss: 1.0007
Validation - RMSE: 1.0028, √Loss: 1.0014
[DEBUG] Predicted Frequencies: min=0.02, max=0.02
[DEBUG] Predicted Frequencies: min=0.02, max=0.02
[DEBUG] Predicted Frequencies: min=0.02, max=0.02
[DEBUG] Predicted Frequencies: min=0.02, max=0.02
