CURRENT MODEL : LSTMAT_AUTORSS
CURRENT FILE :  LSTMAT_AUTORSS_TEST3_NTF_500K_imp_50s_20e
[Sanity] Mean-predictor NRMSE ≈ 1.000 (should be ~1.0)
Epoch 1/20 - RMSE: 0.6005, √Loss: 0.7667
Validation - RMSE: 0.3976, √Loss: 0.6305
Epoch 2/20 - RMSE: 0.2714, √Loss: 0.5200
Validation - RMSE: 0.2504, √Loss: 0.5004
Epoch 3/20 - RMSE: 0.2144, √Loss: 0.4628
Validation - RMSE: 0.2056, √Loss: 0.4534
Epoch 4/20 - RMSE: 0.1911, √Loss: 0.4368
Validation - RMSE: 0.2091, √Loss: 0.4572
Epoch 5/20 - RMSE: 0.1733, √Loss: 0.4158
Validation - RMSE: 0.1591, √Loss: 0.3988
Epoch 6/20 - RMSE: 0.1556, √Loss: 0.3939
Validation - RMSE: 0.1358, √Loss: 0.3685
Epoch 7/20 - RMSE: 0.1407, √Loss: 0.3744
Validation - RMSE: 0.1238, √Loss: 0.3518
Epoch 8/20 - RMSE: 0.1302, √Loss: 0.3600
Validation - RMSE: 0.1041, √Loss: 0.3226
Epoch 9/20 - RMSE: 0.1228, √Loss: 0.3495
Validation - RMSE: 0.1039, √Loss: 0.3223
Epoch 10/20 - RMSE: 0.1124, √Loss: 0.3346
Validation - RMSE: 0.0951, √Loss: 0.3084
Epoch 11/20 - RMSE: 0.1061, √Loss: 0.3244
Validation - RMSE: 0.0851, √Loss: 0.2917
Epoch 12/20 - RMSE: 0.0952, √Loss: 0.3079
Validation - RMSE: 0.1017, √Loss: 0.3188
Epoch 13/20 - RMSE: 0.0868, √Loss: 0.2941
Validation - RMSE: 0.0720, √Loss: 0.2684
Epoch 14/20 - RMSE: 0.0790, √Loss: 0.2807
Validation - RMSE: 0.0651, √Loss: 0.2551
Epoch 15/20 - RMSE: 0.0714, √Loss: 0.2668
Validation - RMSE: 0.0596, √Loss: 0.2442
Epoch 16/20 - RMSE: 0.0659, √Loss: 0.2564
Validation - RMSE: 0.0563, √Loss: 0.2373
Epoch 17/20 - RMSE: 0.0602, √Loss: 0.2451
Validation - RMSE: 0.0524, √Loss: 0.2290
Epoch 18/20 - RMSE: 0.0556, √Loss: 0.2356
Validation - RMSE: 0.0491, √Loss: 0.2216
Epoch 19/20 - RMSE: 0.0523, √Loss: 0.2285
Validation - RMSE: 0.0472, √Loss: 0.2173
Epoch 20/20 - RMSE: 0.0505, √Loss: 0.2244
Validation - RMSE: 0.0468, √Loss: 0.2162
[DEBUG] Predicted Frequencies: min=-2.97, max=2.31
[DEBUG] Predicted Frequencies: min=-2.63, max=2.34
[DEBUG] Predicted Frequencies: min=-2.63, max=1.63
[DEBUG] Predicted Frequencies: min=-1.35, max=2.68
