STUDY NAME :  rnn_autor_ss_tuning_50s_v1
[Sanity] Mean-predictor NRMSE ≈ 1.000 (should be ~1.0)
[I 2025-09-04 23:44:54,818] Trial 2 finished with value: 0.7731455564498901 and parameters: {'hidden_dim': 512, 'num_layers': 2, 'dropout': 0.015599452033620266, 'lr': 1.4347159517201392e-05, 'weight_decay': 0.0003967605077052988, 'tf_mode': 'cos', 'tf_start': 0.9939819704323989, 'tf_end': 0.2497327922401265, 'max_lr_mult': 1.8493564427131046}. Best is trial 1 with value: 0.7730739712715149.
[I 2025-09-05 00:25:28,392] Trial 5 finished with value: 0.30224883556365967 and parameters: {'hidden_dim': 768, 'num_layers': 3, 'dropout': 0.029122914019804193, 'lr': 0.0004480975918214954, 'weight_decay': 2.62108787826544e-06, 'tf_mode': 'exp', 'tf_start': 0.9570351922786027, 'tf_end': 0.05990213464750792, 'max_lr_mult': 3.0569377536544464}. Best is trial 5 with value: 0.30224883556365967.
[I 2025-09-05 00:32:33,187] Trial 7 pruned. 
[I 2025-09-05 01:13:24,742] Trial 10 finished with value: 0.3640293478965759 and parameters: {'hidden_dim': 512, 'num_layers': 3, 'dropout': 0.05200680211778108, 'lr': 0.00029891977384598987, 'weight_decay': 3.5856126103453987e-06, 'tf_mode': 'linear', 'tf_start': 0.9789654700855298, 'tf_end': 0.17936999364332554, 'max_lr_mult': 4.687496940092467}. Best is trial 4 with value: 0.30150657892227173.
[I 2025-09-05 01:39:13,424] Trial 12 pruned. 
[I 2025-09-05 01:50:47,246] Trial 18 pruned. 
[I 2025-09-05 01:57:45,506] Trial 21 pruned. 
[I 2025-09-05 02:08:15,316] Trial 24 pruned. 
[I 2025-09-05 03:00:11,174] Trial 26 finished with value: 0.3047347068786621 and parameters: {'hidden_dim': 512, 'num_layers': 5, 'dropout': 0.020047069329547446, 'lr': 0.0004857777744894539, 'weight_decay': 1.3756171366918679e-06, 'tf_mode': 'exp', 'tf_start': 0.9790615980301336, 'tf_end': 0.036338842049712966, 'max_lr_mult': 2.8976697346963336}. Best is trial 25 with value: 0.30135709047317505.
[I 2025-09-05 03:09:22,523] Trial 30 pruned. 
[I 2025-09-05 03:17:28,439] Trial 31 pruned. 
[I 2025-09-05 03:24:28,028] Trial 33 pruned. 
[I 2025-09-05 03:33:39,693] Trial 35 pruned. 
[I 2025-09-05 03:42:52,386] Trial 37 pruned. 
[I 2025-09-05 03:53:10,468] Trial 39 pruned. 
[I 2025-09-05 04:02:24,354] Trial 40 pruned. 
[I 2025-09-05 04:11:40,693] Trial 42 pruned. 
[I 2025-09-05 04:20:49,152] Trial 43 pruned. 
[I 2025-09-05 04:29:56,227] Trial 45 pruned. 
[I 2025-09-05 04:39:12,387] Trial 47 pruned. 

✅ Best trial:
  Value: 0.297172486782074
  Params: {'hidden_dim': 640, 'num_layers': 4, 'dropout': 0.009128678940882285, 'lr': 0.0005704999622751941, 'weight_decay': 2.4768202208470963e-06, 'tf_mode': 'exp', 'tf_start': 0.9782089259421205, 'tf_end': 0.14815541745538544, 'max_lr_mult': 2.7129284145242525}

📊 Dashboard hint:
optuna-dashboard sqlite://///gpfs/workdir/lagardema/MANON/optuna_rnn_autorss_50s_v1.db --port 5010 --host 127.0.0.1
