CURRENT MODEL : LSTMAT_Luong_AUTORSS1
CURRENT FILE :  LSTMAT_L_AUTORSS1_TEST1_NTF_100K_imp_10s_20e
[Sanity] Mean-predictor NRMSE ≈ 1.000 (should be ~1.0)
Epoch 1/20 - RMSE: 0.8522, √Loss: 0.9220
Validation - RMSE: 0.8688, √Loss: 0.9321
Epoch 2/20 - RMSE: 0.6597, √Loss: 0.8081
Validation - RMSE: 0.6755, √Loss: 0.8219
Epoch 3/20 - RMSE: 0.5931, √Loss: 0.7646
Validation - RMSE: 0.4986, √Loss: 0.7061
Epoch 4/20 - RMSE: 0.3873, √Loss: 0.6120
Validation - RMSE: 0.4051, √Loss: 0.6365
Epoch 5/20 - RMSE: 0.3326, √Loss: 0.5708
Validation - RMSE: 0.3665, √Loss: 0.6054
Epoch 6/20 - RMSE: 0.3012, √Loss: 0.5447
Validation - RMSE: 0.3785, √Loss: 0.6152
Epoch 7/20 - RMSE: 0.2887, √Loss: 0.5340
Validation - RMSE: 0.3615, √Loss: 0.6013
Epoch 8/20 - RMSE: 0.2714, √Loss: 0.5181
Validation - RMSE: 0.3533, √Loss: 0.5944
Epoch 9/20 - RMSE: 0.2608, √Loss: 0.5084
Validation - RMSE: 0.3581, √Loss: 0.5984
Epoch 10/20 - RMSE: 0.2487, √Loss: 0.4967
Validation - RMSE: 0.3274, √Loss: 0.5722
Epoch 11/20 - RMSE: 0.2396, √Loss: 0.4877
Validation - RMSE: 0.3252, √Loss: 0.5703
Epoch 12/20 - RMSE: 0.2216, √Loss: 0.4690
Validation - RMSE: 0.2944, √Loss: 0.5426
Epoch 13/20 - RMSE: 0.1912, √Loss: 0.4354
Validation - RMSE: 0.2792, √Loss: 0.5284
Epoch 14/20 - RMSE: 0.1457, √Loss: 0.3793
Validation - RMSE: 0.2464, √Loss: 0.4964
Epoch 15/20 - RMSE: 0.1084, √Loss: 0.3252
Validation - RMSE: 0.2251, √Loss: 0.4744
Epoch 16/20 - RMSE: 0.0794, √Loss: 0.2772
Validation - RMSE: 0.2127, √Loss: 0.4612
Epoch 17/20 - RMSE: 0.0595, √Loss: 0.2404
Validation - RMSE: 0.2041, √Loss: 0.4517
Epoch 18/20 - RMSE: 0.0503, √Loss: 0.2221
Validation - RMSE: 0.2054, √Loss: 0.4532
Epoch 19/20 - RMSE: 0.0541, √Loss: 0.2319
Validation - RMSE: 0.2232, √Loss: 0.4725
Epoch 20/20 - RMSE: 0.1001, √Loss: 0.3150
Validation - RMSE: 0.3038, √Loss: 0.5511
[DEBUG] Predicted Frequencies: min=-1.22, max=0.93
[DEBUG] Predicted Frequencies: min=-1.14, max=1.15
[DEBUG] Predicted Frequencies: min=-1.65, max=1.22
[DEBUG] Predicted Frequencies: min=-1.42, max=0.75
