[Sanity] Mean-predictor NRMSE ≈ 1.000 (should be ~1.0)
[I 2025-09-03 17:53:20,636] Trial 0 finished with value: 0.24517226219177246 and parameters: {'hidden_dim': 384, 'num_layers': 4, 'dropout': 0.031203728088487304, 'attn_dropout': 0.031198904067240532, 'score_clip': 11.742508365045984, 'lr': 0.0029621516588303515, 'weight_decay': 6.358358856676247e-05, 'batch_size': 64, 'tf_mode': 'linear', 'tf_start': 0.8366809019706868, 'tf_end': 0.09127267288786131, 'max_lr_mult': 3.0990257265289514}. Best is trial 0 with value: 0.24517226219177246.
[I 2025-09-03 18:33:48,934] Trial 3 finished with value: 0.15439721941947937 and parameters: {'hidden_dim': 512, 'num_layers': 2, 'dropout': 0.058428929707043636, 'attn_dropout': 0.07327236865873835, 'score_clip': 23.682099526511077, 'lr': 0.0021576967455896826, 'weight_decay': 3.972110727381911e-06, 'batch_size': 48, 'tf_mode': 'linear', 'tf_start': 0.9897771074506667, 'tf_end': 0.2896896099223678, 'max_lr_mult': 4.233589392465845}. Best is trial 3 with value: 0.15439721941947937.
[I 2025-09-03 19:48:54,039] Trial 5 finished with value: 0.17567753791809082 and parameters: {'hidden_dim': 512, 'num_layers': 4, 'dropout': 0.024407646968955768, 'attn_dropout': 0.09903538202225404, 'score_clip': 11.031655633456552, 'lr': 0.0035067764992972213, 'weight_decay': 5.975027999960295e-06, 'batch_size': 32, 'tf_mode': 'exp', 'tf_start': 0.9550265646722229, 'tf_end': 0.28184968246925673, 'max_lr_mult': 4.579309401710596}. Best is trial 3 with value: 0.15439721941947937.
[I 2025-09-03 19:54:59,537] Trial 8 pruned. 
[I 2025-09-03 20:11:44,376] Trial 9 pruned. 
[I 2025-09-03 20:19:13,839] Trial 10 pruned. 
[I 2025-09-03 20:27:10,375] Trial 11 pruned. 
[I 2025-09-03 20:33:59,936] Trial 14 pruned. 
[I 2025-09-03 21:12:09,208] Trial 15 finished with value: 0.17179742455482483 and parameters: {'hidden_dim': 256, 'num_layers': 4, 'dropout': 0.009602103525984375, 'attn_dropout': 0.11864046621868483, 'score_clip': 16.693005707065517, 'lr': 0.0017658156296407113, 'weight_decay': 1.4150208784524426e-06, 'batch_size': 64, 'tf_mode': 'exp', 'tf_start': 0.9030260784788144, 'tf_end': 0.2566022552316231, 'max_lr_mult': 2.6802791362810976}. Best is trial 6 with value: 0.15217559039592743.
[I 2025-09-03 21:34:51,997] Trial 18 pruned. 
[I 2025-09-03 21:46:00,154] Trial 19 pruned. 
[I 2025-09-03 22:48:08,090] Trial 20 finished with value: 0.16064217686653137 and parameters: {'hidden_dim': 512, 'num_layers': 6, 'dropout': 0.019805656510446024, 'attn_dropout': 0.04126545874919452, 'score_clip': 14.780779865733479, 'lr': 0.0010907818902789054, 'weight_decay': 9.080095169673613e-06, 'batch_size': 48, 'tf_mode': 'exp', 'tf_start': 0.8324900739973904, 'tf_end': 0.22945680728779158, 'max_lr_mult': 4.703927398034854}. Best is trial 12 with value: 0.14579430222511292.
[I 2025-09-03 23:57:03,022] Trial 26 finished with value: 0.14543983340263367 and parameters: {'hidden_dim': 384, 'num_layers': 3, 'dropout': 0.004599827481399067, 'attn_dropout': 0.08477305496356737, 'score_clip': 25.68680969188715, 'lr': 0.004737696265306461, 'weight_decay': 1.1214091296849307e-06, 'batch_size': 32, 'tf_mode': 'exp', 'tf_start': 0.9556487301532669, 'tf_end': 0.030016595710130087, 'max_lr_mult': 4.074733106321787}. Best is trial 26 with value: 0.14543983340263367.
[I 2025-09-04 00:24:27,647] Trial 33 pruned. 
[I 2025-09-04 00:49:37,375] Trial 39 pruned. 
[I 2025-09-04 01:06:24,380] Trial 42 pruned. 
[I 2025-09-04 01:30:21,442] Trial 45 pruned. 
[I 2025-09-04 01:38:20,395] Trial 47 pruned. 
[I 2025-09-04 01:50:13,254] Trial 48 pruned. 
[I 2025-09-04 02:32:30,513] Trial 49 pruned. 
[I 2025-09-04 02:44:39,143] Trial 56 pruned. 
[I 2025-09-04 02:58:17,535] Trial 57 pruned. 
[I 2025-09-04 03:05:47,480] Trial 59 pruned. 
[I 2025-09-04 03:24:16,040] Trial 60 pruned. 
[I 2025-09-04 03:32:21,156] Trial 63 pruned. 
[I 2025-09-04 03:49:17,671] Trial 65 pruned. 
[I 2025-09-04 03:58:27,587] Trial 67 pruned. 
[I 2025-09-04 04:39:17,641] Trial 68 finished with value: 0.1451251208782196 and parameters: {'hidden_dim': 512, 'num_layers': 2, 'dropout': 0.0735364947056897, 'attn_dropout': 0.06081072609893998, 'score_clip': 17.707212870043456, 'lr': 0.0015502942772735355, 'weight_decay': 1.390192957459564e-06, 'batch_size': 48, 'tf_mode': 'exp', 'tf_start': 0.9242280280973303, 'tf_end': 0.2960159607776122, 'max_lr_mult': 3.2180068527147654}. Best is trial 43 with value: 0.14222076535224915.
[I 2025-09-04 04:55:56,246] Trial 69 pruned. 
[I 2025-09-04 05:03:54,854] Trial 70 pruned. 
[I 2025-09-04 05:28:10,829] Trial 71 pruned. 
[I 2025-09-04 06:16:16,349] Trial 73 pruned. 
[I 2025-09-04 06:25:17,422] Trial 74 pruned. 
[I 2025-09-04 06:34:18,524] Trial 75 pruned. 
[I 2025-09-04 06:52:54,571] Trial 77 pruned. 
[I 2025-09-04 07:38:07,511] Trial 78 pruned. 
[I 2025-09-04 07:47:04,685] Trial 79 pruned. 
[I 2025-09-04 07:54:58,813] Trial 80 pruned. 
[I 2025-09-04 09:12:56,061] Trial 81 finished with value: 0.15356799960136414 and parameters: {'hidden_dim': 512, 'num_layers': 4, 'dropout': 0.016525965021629827, 'attn_dropout': 0.008620722727094451, 'score_clip': 14.897305943330075, 'lr': 0.0014030859971377431, 'weight_decay': 1.5433031542117944e-06, 'batch_size': 32, 'tf_mode': 'exp', 'tf_start': 0.936377636296328, 'tf_end': 0.28547611672364803, 'max_lr_mult': 4.2992240056730555}. Best is trial 43 with value: 0.14222076535224915.
[I 2025-09-04 09:30:00,564] Trial 82 pruned. 

✅ Best trial:
  Value: 0.14222076535224915
  Params: {'hidden_dim': 384, 'num_layers': 2, 'dropout': 0.019635075687838087, 'attn_dropout': 0.04096540616441284, 'score_clip': 19.74046785822774, 'lr': 0.0038734124247763817, 'weight_decay': 1.4049393560812651e-06, 'batch_size': 32, 'tf_mode': 'exp', 'tf_start': 0.9782117088933272, 'tf_end': 0.05545871187206344, 'max_lr_mult': 3.95707968684721}

📊 Dashboard hint:
optuna-dashboard sqlite://///gpfs/workdir/lagardema/MANON/optuna_lstmat_autor_ss.db --port 5012 --host 127.0.0.1
