STUDY NAME: lstm_luong_autor_ss_tuning_10s_v1
[Sanity] Mean-predictor NRMSE ≈ 1.000 (should be ~1.0)
[I 2025-09-05 07:00:17,920] Trial 0 finished with value: 0.22601623833179474 and parameters: {'hidden_dim': 512, 'num_layers': 3, 'dropout': 0.031198904067240532, 'attn_dropout': 0.005808361216819946, 'attn_mode': 'general', 'use_layernorm': True, 'use_mlp_head': True, 'lr': 0.00022948683681130568, 'weight_decay': 3.5113563139704077e-06, 'tf_mode': 'exp', 'tf_start': 0.8863890037284232, 'tf_end': 0.08736874205941257, 'max_lr_mult': 3.447411578889518}. Best is trial 0 with value: 0.22601623833179474.
[I 2025-09-05 07:56:27,911] Trial 1 finished with value: 0.7158119082450867 and parameters: {'hidden_dim': 768, 'num_layers': 6, 'dropout': 0.03993475643167195, 'attn_dropout': 0.05142344384136116, 'attn_mode': 'general', 'use_layernorm': True, 'use_mlp_head': False, 'lr': 0.0043709904681305065, 'weight_decay': 0.0002661901888489054, 'tf_mode': 'exp', 'tf_start': 0.8880304987479203, 'tf_end': 0.036611470453433645, 'max_lr_mult': 2.9807076404450807}. Best is trial 2 with value: 0.22197040915489197.
[I 2025-09-05 08:43:03,830] Trial 4 finished with value: 0.14065302908420563 and parameters: {'hidden_dim': 512, 'num_layers': 4, 'dropout': 0.10401360423556216, 'attn_dropout': 0.054671027934327966, 'attn_mode': 'dot', 'use_layernorm': False, 'use_mlp_head': True, 'lr': 0.0036832964384234204, 'weight_decay': 1.8427970406864558e-06, 'tf_mode': 'exp', 'tf_start': 0.8777354579378964, 'tf_end': 0.08140470953216877, 'max_lr_mult': 4.314950036607717}. Best is trial 4 with value: 0.14065302908420563.
[I 2025-09-05 09:38:05,811] Trial 5 finished with value: 0.16023790836334229 and parameters: {'hidden_dim': 640, 'num_layers': 6, 'dropout': 0.014910128735954166, 'attn_dropout': 0.09868869366005173, 'attn_mode': 'general', 'use_layernorm': False, 'use_mlp_head': False, 'lr': 0.0020434554984161395, 'weight_decay': 1.6677615430197902e-06, 'tf_mode': 'exp', 'tf_start': 0.9246596253655116, 'tf_end': 0.09926940745579475, 'max_lr_mult': 1.2542334011440945}. Best is trial 4 with value: 0.14065302908420563.
[I 2025-09-05 10:30:50,771] Trial 8 finished with value: 0.14700943231582642 and parameters: {'hidden_dim': 640, 'num_layers': 6, 'dropout': 0.09444298503238986, 'attn_dropout': 0.01195942459383017, 'attn_mode': 'dot', 'use_layernorm': False, 'use_mlp_head': False, 'lr': 0.0005325732706437209, 'weight_decay': 1.1919481947918734e-06, 'tf_mode': 'exp', 'tf_start': 0.8628711962152653, 'tf_end': 0.15257120734941082, 'max_lr_mult': 4.6302658957043725}. Best is trial 4 with value: 0.14065302908420563.
[I 2025-09-05 10:39:31,260] Trial 10 pruned. 
[I 2025-09-05 10:51:54,116] Trial 11 pruned. 
[I 2025-09-05 11:44:31,643] Trial 12 finished with value: 0.13260303437709808 and parameters: {'hidden_dim': 768, 'num_layers': 6, 'dropout': 0.040659934694018074, 'attn_dropout': 0.03233554846640484, 'attn_mode': 'dot', 'use_layernorm': False, 'use_mlp_head': False, 'lr': 0.0006284653305650021, 'weight_decay': 1.9622918713601267e-06, 'tf_mode': 'exp', 'tf_start': 0.8304138572732134, 'tf_end': 0.2050723780839328, 'max_lr_mult': 4.232561767024175}. Best is trial 12 with value: 0.13260303437709808.
[I 2025-09-05 12:00:40,842] Trial 16 pruned. 
[I 2025-09-05 12:17:56,376] Trial 18 pruned. 
[I 2025-09-05 12:29:13,794] Trial 19 pruned. 
[I 2025-09-05 12:40:50,306] Trial 20 pruned. 
[I 2025-09-05 12:58:37,047] Trial 21 pruned. 
[I 2025-09-05 13:53:06,636] Trial 24 finished with value: 0.1512727588415146 and parameters: {'hidden_dim': 768, 'num_layers': 6, 'dropout': 0.03502961438005898, 'attn_dropout': 0.03389689947725681, 'attn_mode': 'general', 'use_layernorm': False, 'use_mlp_head': False, 'lr': 0.0010997786329470392, 'weight_decay': 3.391385430998005e-06, 'tf_mode': 'linear', 'tf_start': 0.830155503299871, 'tf_end': 0.24935028507018941, 'max_lr_mult': 1.4030349309666559}. Best is trial 12 with value: 0.13260303437709808.
[I 2025-09-05 14:40:31,417] Trial 27 finished with value: 0.14613939821720123 and parameters: {'hidden_dim': 768, 'num_layers': 5, 'dropout': 0.017251968218097918, 'attn_dropout': 0.026357006042277524, 'attn_mode': 'dot', 'use_layernorm': False, 'use_mlp_head': False, 'lr': 0.0006041677860610512, 'weight_decay': 5.574026176585035e-06, 'tf_mode': 'exp', 'tf_start': 0.865407700818815, 'tf_end': 0.1758202312942048, 'max_lr_mult': 3.2006026487474317}. Best is trial 25 with value: 0.13112454116344452.
[I 2025-09-05 14:51:53,615] Trial 34 pruned. 
[I 2025-09-05 15:46:27,973] Trial 37 finished with value: 0.14618295431137085 and parameters: {'hidden_dim': 768, 'num_layers': 6, 'dropout': 0.042287377750489775, 'attn_dropout': 0.054356347049818135, 'attn_mode': 'general', 'use_layernorm': False, 'use_mlp_head': False, 'lr': 0.0007186574839026855, 'weight_decay': 1.3147566643635046e-06, 'tf_mode': 'exp', 'tf_start': 0.8454914557971139, 'tf_end': 0.2028272247665131, 'max_lr_mult': 4.287823269886237}. Best is trial 25 with value: 0.13112454116344452.
[I 2025-09-05 16:40:48,986] Trial 46 finished with value: 0.13020871579647064 and parameters: {'hidden_dim': 768, 'num_layers': 6, 'dropout': 0.03630097401781031, 'attn_dropout': 0.07312191115057529, 'attn_mode': 'dot', 'use_layernorm': True, 'use_mlp_head': False, 'lr': 0.0028763470775581275, 'weight_decay': 1.1209417569610196e-06, 'tf_mode': 'exp', 'tf_start': 0.8515292433146034, 'tf_end': 0.24001717597446412, 'max_lr_mult': 2.1217688273245}. Best is trial 46 with value: 0.13020871579647064.
[I 2025-09-05 17:00:34,782] Trial 50 pruned. 
[I 2025-09-05 17:21:30,861] Trial 53 pruned. 

✅ Best trial:
  Value: 0.13020871579647064
  Params: {'hidden_dim': 768, 'num_layers': 6, 'dropout': 0.03630097401781031, 'attn_dropout': 0.07312191115057529, 'attn_mode': 'dot', 'use_layernorm': True, 'use_mlp_head': False, 'lr': 0.0028763470775581275, 'weight_decay': 1.1209417569610196e-06, 'tf_mode': 'exp', 'tf_start': 0.8515292433146034, 'tf_end': 0.24001717597446412, 'max_lr_mult': 2.1217688273245}

📊 Dashboard hint:
optuna-dashboard sqlite://///gpfs/workdir/lagardema/MANON/optuna_lstm_luong_autorss_10s_v1.db --port 5015 --host 127.0.0.1
