CURRENT MODEL : LSTMAT_AUTORSS
CURRENT FILE :  LSTMAT_AUTORSS_TEST1_NTF_100K_imp_10s_20e
[Sanity] Mean-predictor NRMSE ≈ 1.000 (should be ~1.0)
Epoch 1/20 - RMSE: 1.0557, √Loss: 1.0260
Validation - RMSE: 1.0280, √Loss: 1.0139
Epoch 2/20 - RMSE: 1.8073, √Loss: 1.3283
Validation - RMSE: 1.9623, √Loss: 1.4008
Epoch 3/20 - RMSE: 3.4705, √Loss: 1.8322
Validation - RMSE: 3.6749, √Loss: 1.9170
Epoch 4/20 - RMSE: 9.5990, √Loss: 2.9865
Validation - RMSE: 16.2687, √Loss: 4.0334
Epoch 5/20 - RMSE: 31.2144, √Loss: 5.3548
Validation - RMSE: 53.5831, √Loss: 7.3201
Epoch 6/20 - RMSE: 53.1146, √Loss: 7.1016
Validation - RMSE: 27.3207, √Loss: 5.2269
Epoch 7/20 - RMSE: 29.5961, √Loss: 5.2612
Validation - RMSE: 10.7505, √Loss: 3.2788
Epoch 8/20 - RMSE: 8.5350, √Loss: 2.7809
Validation - RMSE: 3.8160, √Loss: 1.9535
Epoch 9/20 - RMSE: 2.1709, √Loss: 1.4439
Validation - RMSE: 1.1485, √Loss: 1.0717
Epoch 10/20 - RMSE: 1.2610, √Loss: 1.1224
Validation - RMSE: 1.0928, √Loss: 1.0454
Epoch 11/20 - RMSE: 1.1345, √Loss: 1.0647
Validation - RMSE: 1.0748, √Loss: 1.0367
Epoch 12/20 - RMSE: 1.1350, √Loss: 1.0648
Validation - RMSE: 1.0454, √Loss: 1.0225
Epoch 13/20 - RMSE: 1.0549, √Loss: 1.0267
Validation - RMSE: 0.9850, √Loss: 0.9925
Epoch 14/20 - RMSE: 1.0339, √Loss: 1.0164
Validation - RMSE: 0.9652, √Loss: 0.9825
Epoch 15/20 - RMSE: 1.0385, √Loss: 1.0187
Validation - RMSE: 0.9775, √Loss: 0.9887
Epoch 16/20 - RMSE: 1.0311, √Loss: 1.0150
Validation - RMSE: 0.9607, √Loss: 0.9801
Epoch 17/20 - RMSE: 1.0253, √Loss: 1.0122
Validation - RMSE: 0.9636, √Loss: 0.9816
Epoch 18/20 - RMSE: 1.0261, √Loss: 1.0126
Validation - RMSE: 0.9604, √Loss: 0.9800
Epoch 19/20 - RMSE: 1.0242, √Loss: 1.0116
Validation - RMSE: 0.9584, √Loss: 0.9790
Epoch 20/20 - RMSE: 1.0238, √Loss: 1.0115
Validation - RMSE: 0.9584, √Loss: 0.9790
[DEBUG] Predicted Frequencies: min=-0.01, max=-0.01
[DEBUG] Predicted Frequencies: min=-0.01, max=-0.01
[DEBUG] Predicted Frequencies: min=-0.01, max=-0.01
[DEBUG] Predicted Frequencies: min=-0.01, max=-0.01
