CURRENT MODEL : LSTMAT_AUTORSS
CURRENT FILE :  LSTMAT_AUTORSS_TEST2_NTF_500K_imp_10s_20e
[Sanity] Mean-predictor NRMSE ≈ 1.000 (should be ~1.0)
Epoch 1/20 - RMSE: 0.6313, √Loss: 0.7880
Validation - RMSE: 0.5726, √Loss: 0.7567
Epoch 2/20 - RMSE: 0.2749, √Loss: 0.5213
Validation - RMSE: 0.3020, √Loss: 0.5496
Epoch 3/20 - RMSE: 0.1821, √Loss: 0.4230
Validation - RMSE: 0.2025, √Loss: 0.4500
Epoch 4/20 - RMSE: 0.1586, √Loss: 0.3935
Validation - RMSE: 0.1584, √Loss: 0.3980
Epoch 5/20 - RMSE: 0.1522, √Loss: 0.3844
Validation - RMSE: 0.2390, √Loss: 0.4889
Epoch 6/20 - RMSE: 0.1483, √Loss: 0.3796
Validation - RMSE: 0.1867, √Loss: 0.4321
Epoch 7/20 - RMSE: 0.1384, √Loss: 0.3670
Validation - RMSE: 0.1435, √Loss: 0.3788
Epoch 8/20 - RMSE: 0.1277, √Loss: 0.3520
Validation - RMSE: 0.1409, √Loss: 0.3754
Epoch 9/20 - RMSE: 0.1217, √Loss: 0.3447
Validation - RMSE: 0.1248, √Loss: 0.3532
Epoch 10/20 - RMSE: 0.1157, √Loss: 0.3360
Validation - RMSE: 0.1172, √Loss: 0.3423
Epoch 11/20 - RMSE: 0.1052, √Loss: 0.3194
Validation - RMSE: 0.1115, √Loss: 0.3339
Epoch 12/20 - RMSE: 0.0959, √Loss: 0.3053
Validation - RMSE: 0.1027, √Loss: 0.3204
Epoch 13/20 - RMSE: 0.0863, √Loss: 0.2899
Validation - RMSE: 0.1043, √Loss: 0.3229
Epoch 14/20 - RMSE: 0.0784, √Loss: 0.2766
Validation - RMSE: 0.0821, √Loss: 0.2866
Epoch 15/20 - RMSE: 0.0710, √Loss: 0.2631
Validation - RMSE: 0.0645, √Loss: 0.2539
Epoch 16/20 - RMSE: 0.0642, √Loss: 0.2502
Validation - RMSE: 0.0597, √Loss: 0.2444
Epoch 17/20 - RMSE: 0.0582, √Loss: 0.2383
Validation - RMSE: 0.0513, √Loss: 0.2265
Epoch 18/20 - RMSE: 0.0531, √Loss: 0.2278
Validation - RMSE: 0.0441, √Loss: 0.2101
Epoch 19/20 - RMSE: 0.0494, √Loss: 0.2195
Validation - RMSE: 0.0351, √Loss: 0.1873
Epoch 20/20 - RMSE: 0.0476, √Loss: 0.2155
Validation - RMSE: 0.0328, √Loss: 0.1810
[DEBUG] Predicted Frequencies: min=-1.49, max=1.55
[DEBUG] Predicted Frequencies: min=-1.04, max=1.23
[DEBUG] Predicted Frequencies: min=-2.06, max=1.37
[DEBUG] Predicted Frequencies: min=-1.31, max=0.57
