This is pdfTeX, Version 3.141592653-2.6-1.40.27 (MiKTeX 25.4) (preloaded format=pdflatex 2025.11.20)  24 FEB 2026 17:26
entering extended mode
 restricted \write18 enabled.
 %&-line parsing enabled.
**./Modele_These_UParisSaclay_2022.tex
(Modele_These_UParisSaclay_2022.tex
LaTeX2e <2025-11-01>
L3 programming layer <2025-10-24>
(C:\Users\Matth\AppData\Local\Programs\MiKTeX\tex/latex/base\book.cls
Document Class: book 2025/01/22 v1.4n Standard LaTeX document class
(C:\Users\Matth\AppData\Local\Programs\MiKTeX\tex/latex/base\bk12.clo
File: bk12.clo 2025/01/22 v1.4n Standard LaTeX file (size option)
)
\c@part=\count275
\c@chapter=\count276
\c@section=\count277
\c@subsection=\count278
\c@subsubsection=\count279
\c@paragraph=\count280
\c@subparagraph=\count281
\c@figure=\count282
\c@table=\count283
\abovecaptionskip=\skip49
\belowcaptionskip=\skip50
\bibindent=\dimen148
)
(C:\Users\Matth\AppData\Local\Programs\MiKTeX\tex/latex/base\inputenc.sty
Package: inputenc 2024/02/08 v1.3d Input encoding file
\inpenc@prehook=\toks17
\inpenc@posthook=\toks18
)
(C:\Users\Matth\AppData\Local\Programs\MiKTeX\tex/latex/base\fontenc.sty
Package: fontenc 2025/07/18 v2.1d Standard LaTeX package
)
(C:\Users\Matth\AppData\Local\Programs\MiKTeX\tex/generic/babel\babel.sty
Package: babel 2025/10/22 v25.14 The multilingual framework for LuaLaTeX, pdfLa
TeX and XeLaTeX
\babel@savecnt=\count284
LaTeX Encoding Info:    Redeclaring text command \ij (encoding OT1) on input li
ne 2050.
LaTeX Encoding Info:    Redeclaring text command \IJ (encoding OT1) on input li
ne 2052.
LaTeX Encoding Info:    Redeclaring text command \ij (encoding T1) on input lin
e 2054.
LaTeX Encoding Info:    Redeclaring text command \IJ (encoding T1) on input lin
e 2055.
LaTeX Encoding Info:    Ignoring declaration for text command \ij (encoding ?) 
on input line 2056.
LaTeX Encoding Info:    Ignoring declaration for text command \IJ (encoding ?) 
on input line 2058.
LaTeX Encoding Info:    Ignoring declaration for text command \SS (encoding ?) 
on input line 2083.
\U@D=\dimen149
\l@unhyphenated=\language79

(C:\Users\Matth\AppData\Local\Programs\MiKTeX\tex/generic/babel\txtbabel.def)
\bbl@readstream=\read2
\bbl@dirlevel=\count285


Package babel Warning: Configuration files are deprecated, as
(babel)                they can break document portability.
(babel)                Reported on input line 4172.

*************************************
* Local config file bblopts.cfg used
*
(C:\Users\Matth\AppData\Local\Programs\MiKTeX\tex/latex/arabi\bblopts.cfg
File: bblopts.cfg 2005/09/08 v0.1 add Arabic and Farsi to "declared" options of
 babel
)
(C:\Users\Matth\AppData\Local\Programs\MiKTeX\tex/generic/babel/locale/fr\babel
-french.tex)
Package babel Info: Importing font and identification data for french
(babel)             from babel-fr.ini. Reported on input line 4295.

(C:\Users\Matth\AppData\Local\Programs\MiKTeX\tex/generic/babel-french\french.l
df
Language: french 2025-08-15 v4.0e French support from the babel system

(C:\Users\Matth\AppData\Local\Programs\MiKTeX\tex/generic/babel-french\french3.
ldf
Language: french 2025-08-15 v3.7e French support from the babel system
\FB@stdchar=\count286
Package babel Info: Making : an active character on input line 273.
Package babel Info: Making ; an active character on input line 274.
Package babel Info: Making ! an active character on input line 275.
Package babel Info: Making ? an active character on input line 276.
\FBguill@level=\count287
\FBold@everypar=\toks19
\FB@Mht=\dimen150
\mc@charclass=\count288
\mc@charfam=\count289
\mc@charslot=\count290
\std@mcc=\count291
\dec@mcc=\count292
\FB@pardim=\dimen151
\listindentFB=\dimen152
\descindentFB=\dimen153
\labelindentFB=\dimen154
\labelwidthFB=\dimen155
\leftmarginFB=\dimen156
\parindentFFN=\dimen157
\FBfnindent=\dimen158
)))
(C:\Users\Matth\AppData\Local\Programs\MiKTeX\tex/latex/carlisle\scalefnt.sty)
(C:\Users\Matth\AppData\Local\Programs\MiKTeX\tex/latex/opensans\opensans.sty
Package: opensans 2019/06/20 Style file for Open Sans.

(C:\Users\Matth\AppData\Local\Programs\MiKTeX\tex/latex/fontaxes\fontaxes.sty
Package: fontaxes 2025-05-24 v2.0.1 Font selection axes (deprecated)

(C:\Users\Matth\AppData\Local\Programs\MiKTeX\tex/latex/figureversions\figureve
rsions.sty
Package: figureversions 2025-04-29 v1.0.1 Figure versions
))
(C:\Users\Matth\AppData\Local\Programs\MiKTeX\tex/generic/iftex\ifluatex.sty
Package: ifluatex 2019/10/25 v1.5 ifluatex legacy package. Use iftex instead.

(C:\Users\Matth\AppData\Local\Programs\MiKTeX\tex/generic/iftex\iftex.sty
Package: iftex 2024/12/12 v1.0g TeX engine tests
))
(C:\Users\Matth\AppData\Local\Programs\MiKTeX\tex/generic/iftex\ifxetex.sty
Package: ifxetex 2019/10/25 v0.7 ifxetex legacy package. Use iftex instead.
)
(C:\Users\Matth\AppData\Local\Programs\MiKTeX\tex/latex/xkeyval\xkeyval.sty
Package: xkeyval 2022/06/16 v2.9 package option processing (HA)

(C:\Users\Matth\AppData\Local\Programs\MiKTeX\tex/generic/xkeyval\xkeyval.tex
(C:\Users\Matth\AppData\Local\Programs\MiKTeX\tex/generic/xkeyval\xkvutils.tex
\XKV@toks=\toks20
\XKV@tempa@toks=\toks21

(C:\Users\Matth\AppData\Local\Programs\MiKTeX\tex/generic/xkeyval\keyval.tex))
\XKV@depth=\count293
File: xkeyval.tex 2014/12/03 v2.7a key=value parser (HA)
))) (C:\Users\Matth\AppData\Local\Programs\MiKTeX\tex/latex/amsmath\amsmath.sty
Package: amsmath 2025/07/09 v2.17z AMS math features
\@mathmargin=\skip51

For additional information on amsmath, use the `?' option.
(C:\Users\Matth\AppData\Local\Programs\MiKTeX\tex/latex/amsmath\amstext.sty
Package: amstext 2024/11/17 v2.01 AMS text

(C:\Users\Matth\AppData\Local\Programs\MiKTeX\tex/latex/amsmath\amsgen.sty
File: amsgen.sty 1999/11/30 v2.0 generic functions
\@emptytoks=\toks22
\ex@=\dimen159
))
(C:\Users\Matth\AppData\Local\Programs\MiKTeX\tex/latex/amsmath\amsbsy.sty
Package: amsbsy 1999/11/29 v1.2d Bold Symbols
\pmbraise@=\dimen160
)
(C:\Users\Matth\AppData\Local\Programs\MiKTeX\tex/latex/amsmath\amsopn.sty
Package: amsopn 2022/04/08 v2.04 operator names
)
\inf@bad=\count294
LaTeX Info: Redefining \frac on input line 233.
\uproot@=\count295
\leftroot@=\count296
LaTeX Info: Redefining \overline on input line 398.
LaTeX Info: Redefining \colon on input line 409.
\classnum@=\count297
\DOTSCASE@=\count298
LaTeX Info: Redefining \ldots on input line 495.
LaTeX Info: Redefining \dots on input line 498.
LaTeX Info: Redefining \cdots on input line 619.
\Mathstrutbox@=\box53
\strutbox@=\box54
LaTeX Info: Redefining \big on input line 721.
LaTeX Info: Redefining \Big on input line 722.
LaTeX Info: Redefining \bigg on input line 723.
LaTeX Info: Redefining \Bigg on input line 724.
\big@size=\dimen161
LaTeX Font Info:    Redeclaring font encoding OML on input line 742.
LaTeX Font Info:    Redeclaring font encoding OMS on input line 743.
\macc@depth=\count299
LaTeX Info: Redefining \bmod on input line 904.
LaTeX Info: Redefining \pmod on input line 909.
LaTeX Info: Redefining \smash on input line 939.
LaTeX Info: Redefining \relbar on input line 969.
LaTeX Info: Redefining \Relbar on input line 970.
\c@MaxMatrixCols=\count300
\dotsspace@=\muskip17
\c@parentequation=\count301
\dspbrk@lvl=\count302
\tag@help=\toks23
\row@=\count303
\column@=\count304
\maxfields@=\count305
\andhelp@=\toks24
\eqnshift@=\dimen162
\alignsep@=\dimen163
\tagshift@=\dimen164
\tagwidth@=\dimen165
\totwidth@=\dimen166
\lineht@=\dimen167
\@envbody=\toks25
\multlinegap=\skip52
\multlinetaggap=\skip53
\mathdisplay@stack=\toks26
LaTeX Info: Redefining \[ on input line 2950.
LaTeX Info: Redefining \] on input line 2951.
)
(C:\Users\Matth\AppData\Local\Programs\MiKTeX\tex/latex/amsfonts\amsfonts.sty
Package: amsfonts 2013/01/14 v3.01 Basic AMSFonts support
\symAMSa=\mathgroup4
\symAMSb=\mathgroup5
LaTeX Font Info:    Redeclaring math symbol \hbar on input line 98.
LaTeX Font Info:    Overwriting math alphabet `\mathfrak' in version `bold'
(Font)                  U/euf/m/n --> U/euf/b/n on input line 106.
)
(C:\Users\Matth\AppData\Local\Programs\MiKTeX\tex/latex/amsfonts\amssymb.sty
Package: amssymb 2013/01/14 v3.01 AMS font symbols
)
(C:\Users\Matth\AppData\Local\Programs\MiKTeX\tex/latex/caption\caption.sty
Package: caption 2023/08/05 v3.6o Customizing captions (AR)

(C:\Users\Matth\AppData\Local\Programs\MiKTeX\tex/latex/caption\caption3.sty
Package: caption3 2023/07/31 v2.4d caption3 kernel (AR)
\caption@tempdima=\dimen168
\captionmargin=\dimen169
\caption@leftmargin=\dimen170
\caption@rightmargin=\dimen171
\caption@width=\dimen172
\caption@indent=\dimen173
\caption@parindent=\dimen174
\caption@hangindent=\dimen175
Package caption Info: Standard document class detected.
Package caption Info: french babel package is loaded.
)
\c@caption@flags=\count306
\c@continuedfloat=\count307
)
(C:\Users\Matth\AppData\Local\Programs\MiKTeX\tex/latex/xcolor\xcolor.sty
Package: xcolor 2024/09/29 v3.02 LaTeX color extensions (UK)

(C:\Users\Matth\AppData\Local\Programs\MiKTeX\tex/latex/graphics-cfg\color.cfg
File: color.cfg 2016/01/02 v1.6 sample color configuration
)
Package xcolor Info: Driver file: pdftex.def on input line 274.

(C:\Users\Matth\AppData\Local\Programs\MiKTeX\tex/latex/graphics-def\pdftex.def
File: pdftex.def 2025/09/29 v1.2d Graphics/color driver for pdftex
)
(C:\Users\Matth\AppData\Local\Programs\MiKTeX\tex/latex/graphics\mathcolor.ltx)
Package xcolor Info: Model `cmy' substituted by `cmy0' on input line 1349.
Package xcolor Info: Model `hsb' substituted by `rgb' on input line 1353.
Package xcolor Info: Model `RGB' extended on input line 1365.
Package xcolor Info: Model `HTML' substituted by `rgb' on input line 1367.
Package xcolor Info: Model `Hsb' substituted by `hsb' on input line 1368.
Package xcolor Info: Model `tHsb' substituted by `hsb' on input line 1369.
Package xcolor Info: Model `HSB' substituted by `hsb' on input line 1370.
Package xcolor Info: Model `Gray' substituted by `gray' on input line 1371.
Package xcolor Info: Model `wave' substituted by `hsb' on input line 1372.
) (C:\Users\Matth\AppData\Local\Programs\MiKTeX\tex/latex/mdframed\mdframed.sty
Package: mdframed 2013/07/01 1.9b: mdframed

(C:\Users\Matth\AppData\Local\Programs\MiKTeX\tex/latex/kvoptions\kvoptions.sty
Package: kvoptions 2022-06-15 v3.15 Key value format for package options (HO)
(C:\Users\Matth\AppData\Local\Programs\MiKTeX\tex/generic/ltxcmds\ltxcmds.sty
Package: ltxcmds 2023-12-04 v1.26 LaTeX kernel commands for general use (HO)
)
(C:\Users\Matth\AppData\Local\Programs\MiKTeX\tex/latex/kvsetkeys\kvsetkeys.sty
Package: kvsetkeys 2022-10-05 v1.19 Key value parser (HO)
))
(C:\Users\Matth\AppData\Local\Programs\MiKTeX\tex/latex/l3packages/xparse\xpars
e.sty
(C:\Users\Matth\AppData\Local\Programs\MiKTeX\tex/latex/l3kernel\expl3.sty
Package: expl3 2025-10-24 L3 programming layer (loader) 

(C:\Users\Matth\AppData\Local\Programs\MiKTeX\tex/latex/l3backend\l3backend-pdf
tex.def
File: l3backend-pdftex.def 2025-10-09 L3 backend support: PDF output (pdfTeX)
\l__color_backend_stack_int=\count308
))
Package: xparse 2025-10-09 L3 Experimental document command parser
)
(C:\Users\Matth\AppData\Local\Programs\MiKTeX\tex/latex/etoolbox\etoolbox.sty
Package: etoolbox 2025/10/02 v2.5m e-TeX tools for LaTeX (JAW)
\etb@tempcnta=\count309
)
(C:\Users\Matth\AppData\Local\Programs\MiKTeX\tex/latex/zref\zref-abspage.sty
Package: zref-abspage 2025-06-08 v2.36 Module abspage for zref (HO)

(C:\Users\Matth\AppData\Local\Programs\MiKTeX\tex/latex/zref\zref-base.sty
Package: zref-base 2025-06-08 v2.36 Module base for zref (HO)

(C:\Users\Matth\AppData\Local\Programs\MiKTeX\tex/generic/infwarerr\infwarerr.s
ty
Package: infwarerr 2019/12/03 v1.5 Providing info/warning/error messages (HO)
)
(C:\Users\Matth\AppData\Local\Programs\MiKTeX\tex/generic/kvdefinekeys\kvdefine
keys.sty
Package: kvdefinekeys 2019-12-19 v1.6 Define keys (HO)
)
(C:\Users\Matth\AppData\Local\Programs\MiKTeX\tex/generic/pdftexcmds\pdftexcmds
.sty
Package: pdftexcmds 2020-06-27 v0.33 Utility functions of pdfTeX for LuaTeX (HO
)
Package pdftexcmds Info: \pdf@primitive is available.
Package pdftexcmds Info: \pdf@ifprimitive is available.
Package pdftexcmds Info: \pdfdraftmode found.
)
(C:\Users\Matth\AppData\Local\Programs\MiKTeX\tex/generic/etexcmds\etexcmds.sty
Package: etexcmds 2019/12/15 v1.7 Avoid name clashes with e-TeX commands (HO)
) (C:\Users\Matth\AppData\Local\Programs\MiKTeX\tex/latex/auxhook\auxhook.sty
Package: auxhook 2019-12-17 v1.6 Hooks for auxiliary files (HO)
)
Package zref Info: New property list: main on input line 767.
Package zref Info: New property: default on input line 768.
Package zref Info: New property: page on input line 769.
)
\c@abspage=\count310
Package zref Info: New property: abspage on input line 67.
)
(C:\Users\Matth\AppData\Local\Programs\MiKTeX\tex/latex/needspace\needspace.sty
Package: needspace 2025/03/13 v1.3e reserve vertical space
)
\mdf@templength=\skip54
\c@mdf@globalstyle@cnt=\count311
\mdf@skipabove@length=\skip55
\mdf@skipbelow@length=\skip56
\mdf@leftmargin@length=\skip57
\mdf@rightmargin@length=\skip58
\mdf@innerleftmargin@length=\skip59
\mdf@innerrightmargin@length=\skip60
\mdf@innertopmargin@length=\skip61
\mdf@innerbottommargin@length=\skip62
\mdf@splittopskip@length=\skip63
\mdf@splitbottomskip@length=\skip64
\mdf@outermargin@length=\skip65
\mdf@innermargin@length=\skip66
\mdf@linewidth@length=\skip67
\mdf@innerlinewidth@length=\skip68
\mdf@middlelinewidth@length=\skip69
\mdf@outerlinewidth@length=\skip70
\mdf@roundcorner@length=\skip71
\mdf@footenotedistance@length=\skip72
\mdf@userdefinedwidth@length=\skip73
\mdf@needspace@length=\skip74
\mdf@frametitleaboveskip@length=\skip75
\mdf@frametitlebelowskip@length=\skip76
\mdf@frametitlerulewidth@length=\skip77
\mdf@frametitleleftmargin@length=\skip78
\mdf@frametitlerightmargin@length=\skip79
\mdf@shadowsize@length=\skip80
\mdf@extratopheight@length=\skip81
\mdf@subtitleabovelinewidth@length=\skip82
\mdf@subtitlebelowlinewidth@length=\skip83
\mdf@subtitleaboveskip@length=\skip84
\mdf@subtitlebelowskip@length=\skip85
\mdf@subtitleinneraboveskip@length=\skip86
\mdf@subtitleinnerbelowskip@length=\skip87
\mdf@subsubtitleabovelinewidth@length=\skip88
\mdf@subsubtitlebelowlinewidth@length=\skip89
\mdf@subsubtitleaboveskip@length=\skip90
\mdf@subsubtitlebelowskip@length=\skip91
\mdf@subsubtitleinneraboveskip@length=\skip92
\mdf@subsubtitleinnerbelowskip@length=\skip93

(C:\Users\Matth\AppData\Local\Programs\MiKTeX\tex/latex/mdframed\md-frame-0.mdf
File: md-frame-0.mdf 2013/07/01\ 1.9b: md-frame-0
)
\mdf@frametitlebox=\box55
\mdf@footnotebox=\box56
\mdf@splitbox@one=\box57
\mdf@splitbox@two=\box58
\mdf@splitbox@save=\box59
\mdfsplitboxwidth=\skip94
\mdfsplitboxtotalwidth=\skip95
\mdfsplitboxheight=\skip96
\mdfsplitboxdepth=\skip97
\mdfsplitboxtotalheight=\skip98
\mdfframetitleboxwidth=\skip99
\mdfframetitleboxtotalwidth=\skip100
\mdfframetitleboxheight=\skip101
\mdfframetitleboxdepth=\skip102
\mdfframetitleboxtotalheight=\skip103
\mdffootnoteboxwidth=\skip104
\mdffootnoteboxtotalwidth=\skip105
\mdffootnoteboxheight=\skip106
\mdffootnoteboxdepth=\skip107
\mdffootnoteboxtotalheight=\skip108
\mdftotallinewidth=\skip109
\mdfboundingboxwidth=\skip110
\mdfboundingboxtotalwidth=\skip111
\mdfboundingboxheight=\skip112
\mdfboundingboxdepth=\skip113
\mdfboundingboxtotalheight=\skip114
\mdf@freevspace@length=\skip115
\mdf@horizontalwidthofbox@length=\skip116
\mdf@verticalmarginwhole@length=\skip117
\mdf@horizontalspaceofbox=\skip118
\mdfsubtitleheight=\skip119
\mdfsubsubtitleheight=\skip120
\c@mdfcountframes=\count312

****** mdframed patching \endmdf@trivlist

****** -- success******

\mdf@envdepth=\count313
\c@mdf@env@i=\count314
\c@mdf@env@ii=\count315
\c@mdf@zref@counter=\count316
Package zref Info: New property: mdf@pagevalue on input line 895.
)
(C:\Users\Matth\AppData\Local\Programs\MiKTeX\tex/latex/multirow\multirow.sty
Package: multirow 2024/11/12 v2.9 Span multiple rows of a table
\multirow@colwidth=\skip121
\multirow@cntb=\count317
\multirow@dima=\skip122
\bigstrutjot=\dimen176
)
(C:\Users\Matth\AppData\Local\Programs\MiKTeX\tex/latex/tools\multicol.sty
Package: multicol 2025/10/21 v2.0b multicolumn formatting (FMi)
\c@tracingmulticols=\count318
\mult@box=\box60
\multicol@leftmargin=\dimen177
\c@unbalance=\count319
\c@collectmore=\count320
\doublecol@number=\count321
\multicoltolerance=\count322
\multicolpretolerance=\count323
\full@width=\dimen178
\page@free=\dimen179
\premulticols=\dimen180
\postmulticols=\dimen181
\multicolsep=\skip123
\multicolbaselineskip=\skip124
\partial@page=\box61
\last@line=\box62
\mc@boxedresult=\box63
\maxbalancingoverflow=\dimen182
\mult@rightbox=\box64
\mult@grightbox=\box65
\mult@firstbox=\box66
\mult@gfirstbox=\box67
\@tempa=\box68
\@tempa=\box69
\@tempa=\box70
\@tempa=\box71
\@tempa=\box72
\@tempa=\box73
\@tempa=\box74
\@tempa=\box75
\@tempa=\box76
\@tempa=\box77
\@tempa=\box78
\@tempa=\box79
\@tempa=\box80
\@tempa=\box81
\@tempa=\box82
\@tempa=\box83
\@tempa=\box84
\@tempa=\box85
\@tempa=\box86
\@tempa=\box87
\@tempa=\box88
\@tempa=\box89
\@tempa=\box90
\@tempa=\box91
\@tempa=\box92
\@tempa=\box93
\@tempa=\box94
\@tempa=\box95
\@tempa=\box96
\@tempa=\box97
\@tempa=\box98
\@tempa=\box99
\@tempa=\box100
\@tempa=\box101
\@tempa=\box102
\@tempa=\box103
\c@minrows=\count324
\c@columnbadness=\count325
\c@finalcolumnbadness=\count326
\last@try=\dimen183
\multicolovershoot=\dimen184
\multicolundershoot=\dimen185
\mult@nat@firstbox=\box104
\colbreak@box=\box105
\mc@col@check@num=\count327
\g__mc_curr_col_int=\count328
)
(C:\Users\Matth\AppData\Local\Programs\MiKTeX\tex/latex/pgf/frontendlayer\tikz.
sty
(C:\Users\Matth\AppData\Local\Programs\MiKTeX\tex/latex/pgf/basiclayer\pgf.sty
(C:\Users\Matth\AppData\Local\Programs\MiKTeX\tex/latex/pgf/utilities\pgfrcs.st
y
(C:\Users\Matth\AppData\Local\Programs\MiKTeX\tex/generic/pgf/utilities\pgfutil
-common.tex
\pgfutil@everybye=\toks27
\pgfutil@tempdima=\dimen186
\pgfutil@tempdimb=\dimen187
)
(C:\Users\Matth\AppData\Local\Programs\MiKTeX\tex/generic/pgf/utilities\pgfutil
-latex.def
\pgfutil@abb=\box106
)
(C:\Users\Matth\AppData\Local\Programs\MiKTeX\tex/generic/pgf/utilities\pgfrcs.
code.tex
(C:\Users\Matth\AppData\Local\Programs\MiKTeX\tex/generic/pgf\pgf.revision.tex)
Package: pgfrcs 2025-08-29 v3.1.11a (3.1.11a)
))
Package: pgf 2025-08-29 v3.1.11a (3.1.11a)

(C:\Users\Matth\AppData\Local\Programs\MiKTeX\tex/latex/pgf/basiclayer\pgfcore.
sty
(C:\Users\Matth\AppData\Local\Programs\MiKTeX\tex/latex/graphics\graphicx.sty
Package: graphicx 2024/12/31 v1.2e Enhanced LaTeX Graphics (DPC,SPQR)

(C:\Users\Matth\AppData\Local\Programs\MiKTeX\tex/latex/graphics\graphics.sty
Package: graphics 2024/08/06 v1.4g Standard LaTeX Graphics (DPC,SPQR)

(C:\Users\Matth\AppData\Local\Programs\MiKTeX\tex/latex/graphics\trig.sty
Package: trig 2023/12/02 v1.11 sin cos tan (DPC)
)
(C:\Users\Matth\AppData\Local\Programs\MiKTeX\tex/latex/graphics-cfg\graphics.c
fg
File: graphics.cfg 2016/06/04 v1.11 sample graphics configuration
)
Package graphics Info: Driver file: pdftex.def on input line 106.
)
\Gin@req@height=\dimen188
\Gin@req@width=\dimen189
)
(C:\Users\Matth\AppData\Local\Programs\MiKTeX\tex/latex/pgf/systemlayer\pgfsys.
sty
(C:\Users\Matth\AppData\Local\Programs\MiKTeX\tex/generic/pgf/systemlayer\pgfsy
s.code.tex
Package: pgfsys 2025-08-29 v3.1.11a (3.1.11a)

(C:\Users\Matth\AppData\Local\Programs\MiKTeX\tex/generic/pgf/utilities\pgfkeys
.code.tex
\pgfkeys@pathtoks=\toks28
\pgfkeys@temptoks=\toks29

(C:\Users\Matth\AppData\Local\Programs\MiKTeX\tex/generic/pgf/utilities\pgfkeys
libraryfiltered.code.tex
\pgfkeys@tmptoks=\toks30
))
\pgf@x=\dimen190
\pgf@y=\dimen191
\pgf@xa=\dimen192
\pgf@ya=\dimen193
\pgf@xb=\dimen194
\pgf@yb=\dimen195
\pgf@xc=\dimen196
\pgf@yc=\dimen197
\pgf@xd=\dimen198
\pgf@yd=\dimen199
\w@pgf@writea=\write3
\r@pgf@reada=\read3
\c@pgf@counta=\count329
\c@pgf@countb=\count330
\c@pgf@countc=\count331
\c@pgf@countd=\count332
\t@pgf@toka=\toks31
\t@pgf@tokb=\toks32
\t@pgf@tokc=\toks33
\pgf@sys@id@count=\count333

(C:\Users\Matth\AppData\Local\Programs\MiKTeX\tex/generic/pgf/systemlayer\pgf.c
fg
File: pgf.cfg 2025-08-29 v3.1.11a (3.1.11a)
)
Driver file for pgf: pgfsys-pdftex.def

(C:\Users\Matth\AppData\Local\Programs\MiKTeX\tex/generic/pgf/systemlayer\pgfsy
s-pdftex.def
File: pgfsys-pdftex.def 2025-08-29 v3.1.11a (3.1.11a)

(C:\Users\Matth\AppData\Local\Programs\MiKTeX\tex/generic/pgf/systemlayer\pgfsy
s-common-pdf.def
File: pgfsys-common-pdf.def 2025-08-29 v3.1.11a (3.1.11a)
)))
(C:\Users\Matth\AppData\Local\Programs\MiKTeX\tex/generic/pgf/systemlayer\pgfsy
ssoftpath.code.tex
File: pgfsyssoftpath.code.tex 2025-08-29 v3.1.11a (3.1.11a)
\pgfsyssoftpath@smallbuffer@items=\count334
\pgfsyssoftpath@bigbuffer@items=\count335
)
(C:\Users\Matth\AppData\Local\Programs\MiKTeX\tex/generic/pgf/systemlayer\pgfsy
sprotocol.code.tex
File: pgfsysprotocol.code.tex 2025-08-29 v3.1.11a (3.1.11a)
))
(C:\Users\Matth\AppData\Local\Programs\MiKTeX\tex/generic/pgf/basiclayer\pgfcor
e.code.tex
Package: pgfcore 2025-08-29 v3.1.11a (3.1.11a)

(C:\Users\Matth\AppData\Local\Programs\MiKTeX\tex/generic/pgf/math\pgfmath.code
.tex
(C:\Users\Matth\AppData\Local\Programs\MiKTeX\tex/generic/pgf/math\pgfmathutil.
code.tex)
(C:\Users\Matth\AppData\Local\Programs\MiKTeX\tex/generic/pgf/math\pgfmathparse
r.code.tex
\pgfmath@dimen=\dimen256
\pgfmath@count=\count336
\pgfmath@box=\box107
\pgfmath@toks=\toks34
\pgfmath@stack@operand=\toks35
\pgfmath@stack@operation=\toks36
)
(C:\Users\Matth\AppData\Local\Programs\MiKTeX\tex/generic/pgf/math\pgfmathfunct
ions.code.tex)
(C:\Users\Matth\AppData\Local\Programs\MiKTeX\tex/generic/pgf/math\pgfmathfunct
ions.basic.code.tex)
(C:\Users\Matth\AppData\Local\Programs\MiKTeX\tex/generic/pgf/math\pgfmathfunct
ions.trigonometric.code.tex)
(C:\Users\Matth\AppData\Local\Programs\MiKTeX\tex/generic/pgf/math\pgfmathfunct
ions.random.code.tex)
(C:\Users\Matth\AppData\Local\Programs\MiKTeX\tex/generic/pgf/math\pgfmathfunct
ions.comparison.code.tex)
(C:\Users\Matth\AppData\Local\Programs\MiKTeX\tex/generic/pgf/math\pgfmathfunct
ions.base.code.tex)
(C:\Users\Matth\AppData\Local\Programs\MiKTeX\tex/generic/pgf/math\pgfmathfunct
ions.round.code.tex)
(C:\Users\Matth\AppData\Local\Programs\MiKTeX\tex/generic/pgf/math\pgfmathfunct
ions.misc.code.tex)
(C:\Users\Matth\AppData\Local\Programs\MiKTeX\tex/generic/pgf/math\pgfmathfunct
ions.integerarithmetics.code.tex)
(C:\Users\Matth\AppData\Local\Programs\MiKTeX\tex/generic/pgf/math\pgfmathcalc.
code.tex)
(C:\Users\Matth\AppData\Local\Programs\MiKTeX\tex/generic/pgf/math\pgfmathfloat
.code.tex
\c@pgfmathroundto@lastzeros=\count337
))
(C:\Users\Matth\AppData\Local\Programs\MiKTeX\tex/generic/pgf/math\pgfint.code.
tex)
(C:\Users\Matth\AppData\Local\Programs\MiKTeX\tex/generic/pgf/basiclayer\pgfcor
epoints.code.tex
File: pgfcorepoints.code.tex 2025-08-29 v3.1.11a (3.1.11a)
\pgf@picminx=\dimen257
\pgf@picmaxx=\dimen258
\pgf@picminy=\dimen259
\pgf@picmaxy=\dimen260
\pgf@pathminx=\dimen261
\pgf@pathmaxx=\dimen262
\pgf@pathminy=\dimen263
\pgf@pathmaxy=\dimen264
\pgf@xx=\dimen265
\pgf@xy=\dimen266
\pgf@yx=\dimen267
\pgf@yy=\dimen268
\pgf@zx=\dimen269
\pgf@zy=\dimen270
)
(C:\Users\Matth\AppData\Local\Programs\MiKTeX\tex/generic/pgf/basiclayer\pgfcor
epathconstruct.code.tex
File: pgfcorepathconstruct.code.tex 2025-08-29 v3.1.11a (3.1.11a)
\pgf@path@lastx=\dimen271
\pgf@path@lasty=\dimen272
)
(C:\Users\Matth\AppData\Local\Programs\MiKTeX\tex/generic/pgf/basiclayer\pgfcor
epathusage.code.tex
File: pgfcorepathusage.code.tex 2025-08-29 v3.1.11a (3.1.11a)
\pgf@shorten@end@additional=\dimen273
\pgf@shorten@start@additional=\dimen274
)
(C:\Users\Matth\AppData\Local\Programs\MiKTeX\tex/generic/pgf/basiclayer\pgfcor
escopes.code.tex
File: pgfcorescopes.code.tex 2025-08-29 v3.1.11a (3.1.11a)
\pgfpic=\box108
\pgf@hbox=\box109
\pgf@layerbox@main=\box110
\pgf@picture@serial@count=\count338
)
(C:\Users\Matth\AppData\Local\Programs\MiKTeX\tex/generic/pgf/basiclayer\pgfcor
egraphicstate.code.tex
File: pgfcoregraphicstate.code.tex 2025-08-29 v3.1.11a (3.1.11a)
\pgflinewidth=\dimen275
)
(C:\Users\Matth\AppData\Local\Programs\MiKTeX\tex/generic/pgf/basiclayer\pgfcor
etransformations.code.tex
File: pgfcoretransformations.code.tex 2025-08-29 v3.1.11a (3.1.11a)
\pgf@pt@x=\dimen276
\pgf@pt@y=\dimen277
\pgf@pt@temp=\dimen278
)
(C:\Users\Matth\AppData\Local\Programs\MiKTeX\tex/generic/pgf/basiclayer\pgfcor
equick.code.tex
File: pgfcorequick.code.tex 2025-08-29 v3.1.11a (3.1.11a)
)
(C:\Users\Matth\AppData\Local\Programs\MiKTeX\tex/generic/pgf/basiclayer\pgfcor
eobjects.code.tex
File: pgfcoreobjects.code.tex 2025-08-29 v3.1.11a (3.1.11a)
)
(C:\Users\Matth\AppData\Local\Programs\MiKTeX\tex/generic/pgf/basiclayer\pgfcor
epathprocessing.code.tex
File: pgfcorepathprocessing.code.tex 2025-08-29 v3.1.11a (3.1.11a)
)
(C:\Users\Matth\AppData\Local\Programs\MiKTeX\tex/generic/pgf/basiclayer\pgfcor
earrows.code.tex
File: pgfcorearrows.code.tex 2025-08-29 v3.1.11a (3.1.11a)
\pgfarrowsep=\dimen279
)
(C:\Users\Matth\AppData\Local\Programs\MiKTeX\tex/generic/pgf/basiclayer\pgfcor
eshade.code.tex
File: pgfcoreshade.code.tex 2025-08-29 v3.1.11a (3.1.11a)
\pgf@max=\dimen280
\pgf@sys@shading@range@num=\count339
\pgf@shadingcount=\count340
)
(C:\Users\Matth\AppData\Local\Programs\MiKTeX\tex/generic/pgf/basiclayer\pgfcor
eimage.code.tex
File: pgfcoreimage.code.tex 2025-08-29 v3.1.11a (3.1.11a)
)
(C:\Users\Matth\AppData\Local\Programs\MiKTeX\tex/generic/pgf/basiclayer\pgfcor
eexternal.code.tex
File: pgfcoreexternal.code.tex 2025-08-29 v3.1.11a (3.1.11a)
\pgfexternal@startupbox=\box111
)
(C:\Users\Matth\AppData\Local\Programs\MiKTeX\tex/generic/pgf/basiclayer\pgfcor
elayers.code.tex
File: pgfcorelayers.code.tex 2025-08-29 v3.1.11a (3.1.11a)
)
(C:\Users\Matth\AppData\Local\Programs\MiKTeX\tex/generic/pgf/basiclayer\pgfcor
etransparency.code.tex
File: pgfcoretransparency.code.tex 2025-08-29 v3.1.11a (3.1.11a)
)
(C:\Users\Matth\AppData\Local\Programs\MiKTeX\tex/generic/pgf/basiclayer\pgfcor
epatterns.code.tex
File: pgfcorepatterns.code.tex 2025-08-29 v3.1.11a (3.1.11a)
)
(C:\Users\Matth\AppData\Local\Programs\MiKTeX\tex/generic/pgf/basiclayer\pgfcor
erdf.code.tex
File: pgfcorerdf.code.tex 2025-08-29 v3.1.11a (3.1.11a)
)))
(C:\Users\Matth\AppData\Local\Programs\MiKTeX\tex/generic/pgf/modules\pgfmodule
shapes.code.tex
File: pgfmoduleshapes.code.tex 2025-08-29 v3.1.11a (3.1.11a)
\pgfnodeparttextbox=\box112
)
(C:\Users\Matth\AppData\Local\Programs\MiKTeX\tex/generic/pgf/modules\pgfmodule
plot.code.tex
File: pgfmoduleplot.code.tex 2025-08-29 v3.1.11a (3.1.11a)
)
(C:\Users\Matth\AppData\Local\Programs\MiKTeX\tex/latex/pgf/compatibility\pgfco
mp-version-0-65.sty
Package: pgfcomp-version-0-65 2025-08-29 v3.1.11a (3.1.11a)
\pgf@nodesepstart=\dimen281
\pgf@nodesepend=\dimen282
)
(C:\Users\Matth\AppData\Local\Programs\MiKTeX\tex/latex/pgf/compatibility\pgfco
mp-version-1-18.sty
Package: pgfcomp-version-1-18 2025-08-29 v3.1.11a (3.1.11a)
))
(C:\Users\Matth\AppData\Local\Programs\MiKTeX\tex/latex/pgf/utilities\pgffor.st
y
(C:\Users\Matth\AppData\Local\Programs\MiKTeX\tex/latex/pgf/utilities\pgfkeys.s
ty
(C:\Users\Matth\AppData\Local\Programs\MiKTeX\tex/generic/pgf/utilities\pgfkeys
.code.tex))
(C:\Users\Matth\AppData\Local\Programs\MiKTeX\tex/latex/pgf/math\pgfmath.sty
(C:\Users\Matth\AppData\Local\Programs\MiKTeX\tex/generic/pgf/math\pgfmath.code
.tex))
(C:\Users\Matth\AppData\Local\Programs\MiKTeX\tex/generic/pgf/utilities\pgffor.
code.tex
Package: pgffor 2025-08-29 v3.1.11a (3.1.11a)
\pgffor@iter=\dimen283
\pgffor@skip=\dimen284
\pgffor@stack=\toks37
\pgffor@toks=\toks38
))
(C:\Users\Matth\AppData\Local\Programs\MiKTeX\tex/generic/pgf/frontendlayer/tik
z\tikz.code.tex
Package: tikz 2025-08-29 v3.1.11a (3.1.11a)

(C:\Users\Matth\AppData\Local\Programs\MiKTeX\tex/generic/pgf/libraries\pgflibr
aryplothandlers.code.tex
File: pgflibraryplothandlers.code.tex 2025-08-29 v3.1.11a (3.1.11a)
\pgf@plot@mark@count=\count341
\pgfplotmarksize=\dimen285
)
\tikz@lastx=\dimen286
\tikz@lasty=\dimen287
\tikz@lastxsaved=\dimen288
\tikz@lastysaved=\dimen289
\tikz@lastmovetox=\dimen290
\tikz@lastmovetoy=\dimen291
\tikzleveldistance=\dimen292
\tikzsiblingdistance=\dimen293
\tikz@figbox=\box113
\tikz@figbox@bg=\box114
\tikz@tempbox=\box115
\tikz@tempbox@bg=\box116
\tikztreelevel=\count342
\tikznumberofchildren=\count343
\tikznumberofcurrentchild=\count344
\tikz@fig@count=\count345

(C:\Users\Matth\AppData\Local\Programs\MiKTeX\tex/generic/pgf/modules\pgfmodule
matrix.code.tex
File: pgfmodulematrix.code.tex 2025-08-29 v3.1.11a (3.1.11a)
\pgfmatrixcurrentrow=\count346
\pgfmatrixcurrentcolumn=\count347
\pgf@matrix@numberofcolumns=\count348
)
\tikz@expandcount=\count349

(C:\Users\Matth\AppData\Local\Programs\MiKTeX\tex/generic/pgf/frontendlayer/tik
z/libraries\tikzlibrarytopaths.code.tex
File: tikzlibrarytopaths.code.tex 2025-08-29 v3.1.11a (3.1.11a)
)))
(C:\Users\Matth\AppData\Local\Programs\MiKTeX\tex/latex/textpos\textpos.sty
Package: textpos 2022/07/23 v1.10.1
Package textpos Info: choosing support for LaTeX3 on input line 60.
\TP@textbox=\box117
\TP@holdbox=\box118
\TPHorizModule=\dimen294
\TPVertModule=\dimen295
\TP@margin=\dimen296
\TP@absmargin=\dimen297

Grid set 16 x 16 = 37.34424pt x 52.81541pt
\TPboxrulesize=\dimen298
\TP@ox=\dimen299
\TP@oy=\dimen300
\TP@tbargs=\toks39
TextBlockOrigin set to 0pt x 0pt
) (C:\Users\Matth\AppData\Local\Programs\MiKTeX\tex/latex/colortbl\colortbl.sty
Package: colortbl 2024/10/29 v1.0k Color table columns (DPC)
(C:\Users\Matth\AppData\Local\Programs\MiKTeX\tex/latex/tools\array.sty
Package: array 2025/09/25 v2.6n Tabular extension package (FMi)
\col@sep=\dimen301
\ar@mcellbox=\box119
\extrarowheight=\dimen302
\NC@list=\toks40
\extratabsurround=\skip125
\backup@length=\skip126
\ar@cellbox=\box120
)
\everycr=\toks41
\minrowclearance=\skip127
\rownum=\count350
)
(C:\Users\Matth\AppData\Local\Programs\MiKTeX\tex/latex/geometry\geometry.sty
Package: geometry 2020/01/02 v5.9 Page Geometry

(C:\Users\Matth\AppData\Local\Programs\MiKTeX\tex/generic/iftex\ifvtex.sty
Package: ifvtex 2019/10/25 v1.7 ifvtex legacy package. Use iftex instead.
)
\Gm@cnth=\count351
\Gm@cntv=\count352
\c@Gm@tempcnt=\count353
\Gm@bindingoffset=\dimen303
\Gm@wd@mp=\dimen304
\Gm@odd@mp=\dimen305
\Gm@even@mp=\dimen306
\Gm@layoutwidth=\dimen307
\Gm@layoutheight=\dimen308
\Gm@layouthoffset=\dimen309
\Gm@layoutvoffset=\dimen310
\Gm@dimlist=\toks42

(C:\Users\Matth\AppData\Local\Programs\MiKTeX\tex/latex/geometry\geometry.cfg))
(C:\Users\Matth\AppData\Local\Programs\MiKTeX\tex/latex/titlesec\titlesec.sty
Package: titlesec 2025/01/04 v2.17 Sectioning titles
\ttl@box=\box121
\beforetitleunit=\skip128
\aftertitleunit=\skip129
\ttl@plus=\dimen311
\ttl@minus=\dimen312
\ttl@toksa=\toks43
\titlewidth=\dimen313
\titlewidthlast=\dimen314
\titlewidthfirst=\dimen315
)
(C:\Users\Matth\AppData\Local\Programs\MiKTeX\tex/latex/doublestroke\dsfont.sty
Package: dsfont 1995/08/01 v0.1 Double stroke roman fonts
) (C:\Users\Matth\AppData\Local\Programs\MiKTeX\tex/latex/hyperref\hyperref.sty
Package: hyperref 2025-07-12 v7.01o Hypertext links for LaTeX

(C:\Users\Matth\AppData\Local\Programs\MiKTeX\tex/generic/pdfescape\pdfescape.s
ty
Package: pdfescape 2019/12/09 v1.15 Implements pdfTeX's escape features (HO)
) (C:\Users\Matth\AppData\Local\Programs\MiKTeX\tex/latex/hycolor\hycolor.sty
Package: hycolor 2020-01-27 v1.10 Color options for hyperref/bookmark (HO)
) (C:\Users\Matth\AppData\Local\Programs\MiKTeX\tex/latex/hyperref\nameref.sty
Package: nameref 2025-06-21 v2.57 Cross-referencing by name of section

(C:\Users\Matth\AppData\Local\Programs\MiKTeX\tex/latex/refcount\refcount.sty
Package: refcount 2019/12/15 v3.6 Data extraction from label references (HO)
)
(C:\Users\Matth\AppData\Local\Programs\MiKTeX\tex/generic/gettitlestring\gettit
lestring.sty
Package: gettitlestring 2019/12/15 v1.6 Cleanup title references (HO)
)
\c@section@level=\count354
)
(C:\Users\Matth\AppData\Local\Programs\MiKTeX\tex/generic/stringenc\stringenc.s
ty
Package: stringenc 2019/11/29 v1.12 Convert strings between diff. encodings (HO
)
)
\@linkdim=\dimen316
\Hy@linkcounter=\count355
\Hy@pagecounter=\count356
 (C:\Users\Matth\AppData\Local\Programs\MiKTeX\tex/latex/hyperref\pd1enc.def
File: pd1enc.def 2025-07-12 v7.01o Hyperref: PDFDocEncoding definition (HO)
Now handling font encoding PD1 ...
... no UTF-8 mapping file for font encoding PD1
) (C:\Users\Matth\AppData\Local\Programs\MiKTeX\tex/generic/intcalc\intcalc.sty
Package: intcalc 2019/12/15 v1.3 Expandable calculations with integers (HO)
)
\Hy@SavedSpaceFactor=\count357
 (C:\Users\Matth\AppData\Local\Programs\MiKTeX\tex/latex/hyperref\puenc.def
File: puenc.def 2025-07-12 v7.01o Hyperref: PDF Unicode definition (HO)
Now handling font encoding PU ...
... no UTF-8 mapping file for font encoding PU
)
Package hyperref Info: Hyper figures OFF on input line 4195.
Package hyperref Info: Link nesting OFF on input line 4200.
Package hyperref Info: Hyper index ON on input line 4203.
Package hyperref Info: Plain pages OFF on input line 4210.
Package hyperref Info: Backreferencing OFF on input line 4215.
Package hyperref Info: Implicit mode ON; LaTeX internals redefined.
Package hyperref Info: Bookmarks ON on input line 4462.
\c@Hy@tempcnt=\count358

(C:\Users\Matth\AppData\Local\Programs\MiKTeX\tex/latex/url\url.sty
\Urlmuskip=\muskip18
Package: url 2013/09/16  ver 3.4  Verb mode for urls, etc.
)
LaTeX Info: Redefining \url on input line 4801.
\XeTeXLinkMargin=\dimen317

(C:\Users\Matth\AppData\Local\Programs\MiKTeX\tex/generic/bitset\bitset.sty
Package: bitset 2019/12/09 v1.3 Handle bit-vector datatype (HO)

(C:\Users\Matth\AppData\Local\Programs\MiKTeX\tex/generic/bigintcalc\bigintcalc
.sty
Package: bigintcalc 2019/12/15 v1.5 Expandable calculations on big integers (HO
)
))
\Fld@menulength=\count359
\Field@Width=\dimen318
\Fld@charsize=\dimen319
Package hyperref Info: Hyper figures OFF on input line 6078.
Package hyperref Info: Link nesting OFF on input line 6083.
Package hyperref Info: Hyper index ON on input line 6086.
Package hyperref Info: backreferencing OFF on input line 6093.
Package hyperref Info: Link coloring OFF on input line 6098.
Package hyperref Info: Link coloring with OCG OFF on input line 6103.
Package hyperref Info: PDF/A mode OFF on input line 6108.
\Hy@abspage=\count360
\c@Item=\count361
\c@Hfootnote=\count362
)
Package hyperref Info: Driver (autodetected): hpdftex.

(C:\Users\Matth\AppData\Local\Programs\MiKTeX\tex/latex/hyperref\hpdftex.def
File: hpdftex.def 2025-07-12 v7.01o Hyperref driver for pdfTeX
\HyAnn@Count=\count363
\Fld@listcount=\count364
\c@bookmark@seq@number=\count365

(C:\Users\Matth\AppData\Local\Programs\MiKTeX\tex/latex/rerunfilecheck\rerunfil
echeck.sty
Package: rerunfilecheck 2025-06-21 v1.11 Rerun checks for auxiliary files (HO)

(C:\Users\Matth\AppData\Local\Programs\MiKTeX\tex/generic/uniquecounter\uniquec
ounter.sty
Package: uniquecounter 2019/12/15 v1.4 Provide unlimited unique counter (HO)
)
Package uniquecounter Info: New unique counter `rerunfilecheck' on input line 2
84.
)
\Hy@SectionHShift=\skip130
)
Package hyperref Info: Option `colorlinks' set `true' on input line 51.

(C:\Users\Matth\AppData\Local\Programs\MiKTeX\tex/latex/biblatex\biblatex.sty
Package: biblatex 2025/07/10 v3.21 programmable bibliographies (PK/MW)

(C:\Users\Matth\AppData\Local\Programs\MiKTeX\tex/latex/logreq\logreq.sty
Package: logreq 2010/08/04 v1.0 xml request logger
\lrq@indent=\count366

(C:\Users\Matth\AppData\Local\Programs\MiKTeX\tex/latex/logreq\logreq.def
File: logreq.def 2010/08/04 v1.0 logreq spec v1.0
))
(C:\Users\Matth\AppData\Local\Programs\MiKTeX\tex/latex/base\ifthen.sty
Package: ifthen 2024/03/16 v1.1e Standard LaTeX ifthen package (DPC)
)
\c@tabx@nest=\count367
\c@listtotal=\count368
\c@listcount=\count369
\c@liststart=\count370
\c@liststop=\count371
\c@citecount=\count372
\c@citetotal=\count373
\c@multicitecount=\count374
\c@multicitetotal=\count375
\c@instcount=\count376
\c@maxnames=\count377
\c@minnames=\count378
\c@maxitems=\count379
\c@minitems=\count380
\c@citecounter=\count381
\c@maxcitecounter=\count382
\c@savedcitecounter=\count383
\c@uniquelist=\count384
\c@uniquename=\count385
\c@refsection=\count386
\c@refsegment=\count387
\c@maxextratitle=\count388
\c@maxextratitleyear=\count389
\c@maxextraname=\count390
\c@maxextradate=\count391
\c@maxextraalpha=\count392
\c@abbrvpenalty=\count393
\c@highnamepenalty=\count394
\c@lownamepenalty=\count395
\c@maxparens=\count396
\c@parenlevel=\count397
\blx@tempcnta=\count398
\blx@tempcntb=\count399
\blx@tempcntc=\count400
\c@blx@maxsection=\count401
\blx@maxsegment@0=\count402
\blx@notetype=\count403
\blx@parenlevel@text=\count404
\blx@parenlevel@foot=\count405
\blx@sectionciteorder@0=\count406
\blx@sectionciteorderinternal@0=\count407
\blx@entrysetcounter=\count408
\blx@biblioinstance=\count409
\labelnumberwidth=\skip131
\labelalphawidth=\skip132
\biblabelsep=\skip133
\bibitemsep=\skip134
\bibnamesep=\skip135
\bibinitsep=\skip136
\bibparsep=\skip137
\bibhang=\skip138
\blx@bcfin=\read4
\blx@bcfout=\write4
\blx@langwohyphens=\language80
\c@mincomprange=\count410
\c@maxcomprange=\count411
\c@mincompwidth=\count412
Package biblatex Info: Trying to load biblatex default data model...
Package biblatex Info: ... file 'blx-dm.def' found.

(C:\Users\Matth\AppData\Local\Programs\MiKTeX\tex/latex/biblatex\blx-dm.def
File: blx-dm.def 2025/07/10 v3.21 biblatex datamodel (PK/MW)
)
Package biblatex Info: Trying to load biblatex style data model...
Package biblatex Info: ... file 'numeric.dbx' not found.
Package biblatex Info: Trying to load biblatex custom data model...
Package biblatex Info: ... file 'biblatex-dm.cfg' not found.
\c@afterword=\count413
\c@savedafterword=\count414
\c@annotator=\count415
\c@savedannotator=\count416
\c@author=\count417
\c@savedauthor=\count418
\c@bookauthor=\count419
\c@savedbookauthor=\count420
\c@commentator=\count421
\c@savedcommentator=\count422
\c@editor=\count423
\c@savededitor=\count424
\c@editora=\count425
\c@savededitora=\count426
\c@editorb=\count427
\c@savededitorb=\count428
\c@editorc=\count429
\c@savededitorc=\count430
\c@foreword=\count431
\c@savedforeword=\count432
\c@holder=\count433
\c@savedholder=\count434
\c@introduction=\count435
\c@savedintroduction=\count436
\c@namea=\count437
\c@savednamea=\count438
\c@nameb=\count439
\c@savednameb=\count440
\c@namec=\count441
\c@savednamec=\count442
\c@translator=\count443
\c@savedtranslator=\count444
\c@shortauthor=\count445
\c@savedshortauthor=\count446
\c@shorteditor=\count447
\c@savedshorteditor=\count448
\c@labelname=\count449
\c@savedlabelname=\count450
\c@institution=\count451
\c@savedinstitution=\count452
\c@lista=\count453
\c@savedlista=\count454
\c@listb=\count455
\c@savedlistb=\count456
\c@listc=\count457
\c@savedlistc=\count458
\c@listd=\count459
\c@savedlistd=\count460
\c@liste=\count461
\c@savedliste=\count462
\c@listf=\count463
\c@savedlistf=\count464
\c@location=\count465
\c@savedlocation=\count466
\c@organization=\count467
\c@savedorganization=\count468
\c@origlocation=\count469
\c@savedoriglocation=\count470
\c@origpublisher=\count471
\c@savedorigpublisher=\count472
\c@publisher=\count473
\c@savedpublisher=\count474
\c@language=\count475
\c@savedlanguage=\count476
\c@origlanguage=\count477
\c@savedoriglanguage=\count478
\c@pageref=\count479
\c@savedpageref=\count480
\shorthandwidth=\skip139
\shortjournalwidth=\skip140
\shortserieswidth=\skip141
\shorttitlewidth=\skip142
\shortauthorwidth=\skip143
\shorteditorwidth=\skip144
\locallabelnumberwidth=\skip145
\locallabelalphawidth=\skip146
\localshorthandwidth=\skip147
\localshortjournalwidth=\skip148
\localshortserieswidth=\skip149
\localshorttitlewidth=\skip150
\localshortauthorwidth=\skip151
\localshorteditorwidth=\skip152
Package biblatex Info: Trying to load compatibility code...
Package biblatex Info: ... file 'blx-compat.def' found.

(C:\Users\Matth\AppData\Local\Programs\MiKTeX\tex/latex/biblatex\blx-compat.def
File: blx-compat.def 2025/07/10 v3.21 biblatex compatibility (PK/MW)
)
Package biblatex Info: Trying to load generic definitions...
Package biblatex Info: ... file 'biblatex.def' found.
 (C:\Users\Matth\AppData\Local\Programs\MiKTeX\tex/latex/biblatex\biblatex.def
File: biblatex.def 2025/07/10 v3.21 biblatex compatibility (PK/MW)
\c@textcitecount=\count481
\c@textcitetotal=\count482
\c@textcitemaxnames=\count483
\c@biburlbigbreakpenalty=\count484
\c@biburlbreakpenalty=\count485
\c@biburlnumpenalty=\count486
\c@biburlucpenalty=\count487
\c@biburllcpenalty=\count488
\biburlbigskip=\muskip19
\biburlnumskip=\muskip20
\biburlucskip=\muskip21
\biburllcskip=\muskip22
\c@smartand=\count489
)
Package biblatex Info: Trying to load natbib compatibility...
Package biblatex Info: ... file 'blx-natbib.def' found.

(C:\Users\Matth\AppData\Local\Programs\MiKTeX\tex/latex/biblatex\blx-natbib.def
File: blx-natbib.def 2025/07/10 v3.21 biblatex compatibility (PK/MW)
Package biblatex Info: Delimiter 'nameyeardelim' in context '' already defined,
 overwriting.
)
Package biblatex Info: Trying to load bibliography style 'numeric'...
Package biblatex Info: ... file 'numeric.bbx' found.

(C:\Users\Matth\AppData\Local\Programs\MiKTeX\tex/latex/biblatex/bbx\numeric.bb
x
File: numeric.bbx 2025/07/10 v3.21 biblatex bibliography style (PK/MW)
Package biblatex Info: Trying to load bibliography style 'standard'...
Package biblatex Info: ... file 'standard.bbx' found.

(C:\Users\Matth\AppData\Local\Programs\MiKTeX\tex/latex/biblatex/bbx\standard.b
bx
File: standard.bbx 2025/07/10 v3.21 biblatex bibliography style (PK/MW)
\c@bbx:relatedcount=\count490
\c@bbx:relatedtotal=\count491
))
Package biblatex Info: Trying to load citation style 'numeric'...
Package biblatex Info: ... file 'numeric.cbx' found.

(C:\Users\Matth\AppData\Local\Programs\MiKTeX\tex/latex/biblatex/cbx\numeric.cb
x
File: numeric.cbx 2025/07/10 v3.21 biblatex citation style (PK/MW)
Package biblatex Info: Redefining '\cite'.
Package biblatex Info: Redefining '\parencite'.
Package biblatex Info: Redefining '\footcite'.
Package biblatex Info: Redefining '\footcitetext'.
Package biblatex Info: Redefining '\smartcite'.
Package biblatex Info: Redefining '\supercite'.
Package biblatex Info: Redefining '\textcite'.
Package biblatex Info: Redefining '\textcites'.
Package biblatex Info: Redefining '\cites'.
Package biblatex Info: Redefining '\parencites'.
Package biblatex Info: Redefining '\smartcites'.
)
Package biblatex Info: Trying to load configuration file...
Package biblatex Info: ... file 'biblatex.cfg' found.

(C:\Users\Matth\AppData\Local\Programs\MiKTeX\tex/latex/biblatex\biblatex.cfg
File: biblatex.cfg 
)
Package biblatex Info: Input encoding 'utf8' detected.
Package biblatex Info: Document encoding is UTF8 ....
Package biblatex Info: ... and expl3
(biblatex)             2025-10-24 L3 programming layer (loader) 
(biblatex)             is new enough (at least 2020/04/06),
(biblatex)             setting 'casechanger=expl3'.

(C:\Users\Matth\AppData\Local\Programs\MiKTeX\tex/latex/biblatex\blx-case-expl3
.sty
Package: blx-case-expl3 2025/07/10 v3.21 expl3 case changing code for biblatex
))
(C:\Users\Matth\AppData\Local\Programs\MiKTeX\tex/latex/lipsum\lipsum.sty
(C:\Users\Matth\AppData\Local\Programs\MiKTeX\tex/latex/l3packages/l3keys2e\l3k
eys2e.sty
Package: l3keys2e 2025-10-09 LaTeX2e option processing using LaTeX3 keys
)
Package: lipsum 2021-09-20 v2.7 150 paragraphs of Lorem Ipsum dummy text
\g__lipsum_par_int=\count492
\l__lipsum_a_int=\count493
\l__lipsum_b_int=\count494

(C:\Users\Matth\AppData\Local\Programs\MiKTeX\tex/latex/lipsum\lipsum.ltd.tex))

Package biblatex Warning: 'babel/polyglossia' detected but 'csquotes' missing.
(biblatex)                Loading 'csquotes' recommended.

\@quotelevel=\count495
\@quotereset=\count496
LaTeX Font Info:    Trying to load font information for T1+opensans-TOsF on inp
ut line 67.

(C:\Users\Matth\AppData\Local\Programs\MiKTeX\tex/latex/opensans\t1opensans-tos
f.fd
File: T1opensans-TOsF.fd 2019/06/24 Font definitions for T1/opensans-TOsF.
)
LaTeX Font Info:    Font shape `T1/opensans-TOsF/m/n' will be
(Font)              scaled to size 11.39996pt on input line 67.
 (Modele_These_UParisSaclay_2022.aux
Package babel Info: 'french' activates 'french' shorthands.
(babel)             Reported on input line 13.
LaTeX Font Info:    Trying to load font information for TS1+opensans-TOsF on in
put line 13.

(C:\Users\Matth\AppData\Local\Programs\MiKTeX\tex/latex/opensans\ts1opensans-to
sf.fd
File: TS1opensans-TOsF.fd 2019/06/24 Font definitions for TS1/opensans-TOsF.
)
LaTeX Font Info:    Font shape `TS1/opensans-TOsF/m/n' will be
(Font)              scaled to size 11.39996pt on input line 13.
 (Introduction.aux) (Problematique.aux) (Etat de l art.aux) (EUSIPCO.aux) (Gros
TAF.aux) (Stage.aux))
\openout1 = `Modele_These_UParisSaclay_2022.aux'.

LaTeX Font Info:    Checking defaults for OML/cmm/m/it on input line 67.
LaTeX Font Info:    ... okay on input line 67.
LaTeX Font Info:    Checking defaults for OMS/cmsy/m/n on input line 67.
LaTeX Font Info:    ... okay on input line 67.
LaTeX Font Info:    Checking defaults for OT1/cmr/m/n on input line 67.
LaTeX Font Info:    ... okay on input line 67.
LaTeX Font Info:    Checking defaults for T1/cmr/m/n on input line 67.
LaTeX Font Info:    ... okay on input line 67.
LaTeX Font Info:    Checking defaults for TS1/cmr/m/n on input line 67.
LaTeX Font Info:    ... okay on input line 67.
LaTeX Font Info:    Checking defaults for OMX/cmex/m/n on input line 67.
LaTeX Font Info:    ... okay on input line 67.
LaTeX Font Info:    Checking defaults for U/cmr/m/n on input line 67.
LaTeX Font Info:    ... okay on input line 67.
LaTeX Font Info:    Checking defaults for PD1/pdf/m/n on input line 67.
LaTeX Font Info:    ... okay on input line 67.
LaTeX Font Info:    Checking defaults for PU/pdf/m/n on input line 67.
LaTeX Font Info:    ... okay on input line 67.
LaTeX Info: Redefining \degres on input line 67.
\c@mv@tabular=\count497
\c@mv@boldtabular=\count498
Package caption Info: Begin \AtBeginDocument code.
Package caption Info: hyperref package is loaded.
Package caption Info: End \AtBeginDocument code.

(C:\Users\Matth\AppData\Local\Programs\MiKTeX\tex/context/base/mkii\supp-pdf.mk
ii
[Loading MPS to PDF converter (version 2006.09.02).]
\scratchcounter=\count499
\scratchdimen=\dimen320
\scratchbox=\box122
\nofMPsegments=\count500
\nofMParguments=\count501
\everyMPshowfont=\toks44
\MPscratchCnt=\count502
\MPscratchDim=\dimen321
\MPnumerator=\count503
\makeMPintoPDFobject=\count504
\everyMPtoPDFconversion=\toks45
)
(C:\Users\Matth\AppData\Local\Programs\MiKTeX\tex/latex/epstopdf-pkg\epstopdf-b
ase.sty
Package: epstopdf-base 2020-01-24 v2.11 Base part for package epstopdf
Package epstopdf-base Info: Redefining graphics rule for `.eps' on input line 4
85.

(C:\Users\Matth\AppData\Local\Programs\MiKTeX\tex/latex/00miktex\epstopdf-sys.c
fg
File: epstopdf-sys.cfg 2021/03/18 v2.0 Configuration of epstopdf for MiKTeX
))
*geometry* driver: auto-detecting
*geometry* detected driver: pdftex
*geometry* verbose mode - [ preamble ] result:
* driver: pdftex
* paper: a4paper
* layout: <same size as paper>
* layoutoffset:(h,v)=(0.0pt,0.0pt)
* modes: twoside 
* h-part:(L,W,R)=(71.70166pt, 418.25368pt, 107.55254pt)
* v-part:(T,H,B)=(101.40665pt, 591.5302pt, 152.11pt)
* \paperwidth=597.50787pt
* \paperheight=845.04684pt
* \textwidth=418.25368pt
* \textheight=591.5302pt
* \oddsidemargin=-0.56833pt
* \evensidemargin=35.28255pt
* \topmargin=-2.73714pt
* \headheight=12.0pt
* \headsep=19.8738pt
* \topskip=12.0pt
* \footskip=30.0pt
* \marginparwidth=88.0pt
* \marginparsep=7.0pt
* \columnsep=10.0pt
* \skip\footins=10.8pt plus 4.0pt minus 2.0pt
* \hoffset=0.0pt
* \voffset=0.0pt
* \mag=1000
* \@twocolumnfalse
* \@twosidetrue
* \@mparswitchtrue
* \@reversemarginfalse
* (1in=72.27pt=25.4mm, 1cm=28.453pt)

Package hyperref Info: Link coloring ON on input line 67.
(Modele_These_UParisSaclay_2022.out) (Modele_These_UParisSaclay_2022.out)
\@outlinefile=\write5
\openout5 = `Modele_These_UParisSaclay_2022.out'.

Package biblatex Info: Trying to load language 'french'...
Package biblatex Info: ... file 'french.lbx' found.

(C:\Users\Matth\AppData\Local\Programs\MiKTeX\tex/latex/biblatex/lbx\french.lbx
File: french.lbx 2025/07/10 v3.21 biblatex localization (PK/MW)
)
Package biblatex Info: Input encoding 'utf8' detected.
Package biblatex Info: Automatic encoding selection.
(biblatex)             Assuming data encoding 'utf8'.
\openout4 = `Modele_These_UParisSaclay_2022.bcf'.

Package biblatex Info: Trying to load bibliographic data...
Package biblatex Info: ... file 'Modele_These_UParisSaclay_2022.bbl' found.
 (Modele_These_UParisSaclay_2022.bbl

Package biblatex Warning: The following entry could not be found
(biblatex)                in the database:
(biblatex)                baginski_one_2023
(biblatex)                Please verify the spelling and rerun
(biblatex)                LaTeX afterwards.


Package biblatex Warning: The following entry could not be found
(biblatex)                in the database:
(biblatex)                kim_generalized_2024
(biblatex)                Please verify the spelling and rerun
(biblatex)                LaTeX afterwards.

)
Package biblatex Info: Reference section=0 on input line 67.
Package biblatex Info: Reference segment=0 on input line 67.
*geometry* verbose mode - [ newgeometry ] result:
* driver: pdftex
* paper: a4paper
* layout: <same size as paper>
* layoutoffset:(h,v)=(0.0pt,0.0pt)
* modes: twoside 
* h-part:(L,W,R)=(170.71652pt, 398.33861pt, 28.45274pt)
* v-part:(T,H,B)=(28.45274pt, 759.6886pt, 56.9055pt)
* \paperwidth=597.50787pt
* \paperheight=845.04684pt
* \textwidth=398.33861pt
* \textheight=759.6886pt
* \oddsidemargin=98.44653pt
* \evensidemargin=-43.81725pt
* \topmargin=-75.69104pt
* \headheight=12.0pt
* \headsep=19.8738pt
* \topskip=12.0pt
* \footskip=30.0pt
* \marginparwidth=88.0pt
* \marginparsep=7.0pt
* \columnsep=10.0pt
* \skip\footins=10.8pt plus 4.0pt minus 2.0pt
* \hoffset=0.0pt
* \voffset=0.0pt
* \mag=1000
* \@twocolumnfalse
* \@twosidetrue
* \@mparswitchtrue
* \@reversemarginfalse
* (1in=72.27pt=25.4mm, 1cm=28.453pt)

<Frame-ups.pdf, id=350, 303.38344pt x 849.92531pt>
File: Frame-ups.pdf Graphic file (type pdf)
<use Frame-ups.pdf>
Package pdftex.def Info: Frame-ups.pdf  used on input line 75.
(pdftex.def)             Requested size: 303.38269pt x 849.92323pt.
LaTeX Font Info:    Font shape `T1/opensans-TOsF/m/n' will be
(Font)              scaled to size 16.41594pt on input line 85.


LaTeX Font Warning: Font shape `T1/opensans-TOsF/m/sc' undefined
(Font)              using `T1/opensans-TOsF/m/n' instead on input line 85.

<logo2.png, id=351, 194.97844pt x 87.32625pt>
File: logo2.png Graphic file (type png)
<use logo2.png>
Package pdftex.def Info: logo2.png  used on input line 94.
(pdftex.def)             Requested size: 194.97795pt x 87.32603pt.
LaTeX Font Info:    Font shape `T1/opensans-TOsF/m/n' will be
(Font)              scaled to size 20.89993pt on input line 104.
LaTeX Font Info:    Font shape `T1/opensans-TOsF/m/n' will be
(Font)              scaled to size 23.63593pt on input line 105.
LaTeX Font Info:    Font shape `T1/opensans-TOsF/m/it' will be
(Font)              scaled to size 16.41594pt on input line 109.
LaTeX Font Info:    Font shape `T1/opensans-TOsF/m/n' will be
(Font)              scaled to size 7.59998pt on input line 113.
LaTeX Font Info:    Font shape `T1/opensans-TOsF/b/n' will be
(Font)              scaled to size 11.39996pt on input line 118.
LaTeX Font Info:    Font shape `T1/opensans-TOsF/m/n' will be
(Font)              scaled to size 10.40245pt on input line 122.
LaTeX Font Info:    Trying to load font information for U+msa on input line 122
.
(C:\Users\Matth\AppData\Local\Programs\MiKTeX\tex/latex/amsfonts\umsa.fd
File: umsa.fd 2013/01/14 v3.01 AMS symbols A
)
LaTeX Font Info:    Trying to load font information for U+msb on input line 122
.

(C:\Users\Matth\AppData\Local\Programs\MiKTeX\tex/latex/amsfonts\umsb.fd
File: umsb.fd 2013/01/14 v3.01 AMS symbols B
)
LaTeX Font Info:    Font shape `T1/opensans-TOsF/m/n' will be
(Font)              scaled to size 9.49997pt on input line 127.
LaTeX Font Info:    Font shape `T1/opensans-TOsF/b/n' will be
(Font)              scaled to size 9.49997pt on input line 127.
LaTeX Font Info:    Font shape `T1/opensans-TOsF/b/n' will be
(Font)              scaled to size 16.41594pt on input line 132.
LaTeX Font Info:    Font shape `T1/opensans-TOsF/b/n' will be
(Font)              scaled to size 10.40245pt on input line 141.
LaTeX Font Info:    Font shape `T1/opensans-TOsF/b/n' will be
(Font)              scaled to size 7.59998pt on input line 147.

[1



{C:/Users/Matth/AppData/Local/MiKTeX/fonts/map/pdftex/pdftex.map}{C:/Users/Matt
h/AppData/Local/Programs/MiKTeX/fonts/enc/dvips/opensans/a_p2vepx.enc} <./Frame
-ups.pdf> <./logo2.png>]
*geometry* verbose mode - [ newgeometry ] result:
* driver: pdftex
* paper: a4paper
* layout: <same size as paper>
* layoutoffset:(h,v)=(0.0pt,0.0pt)
* modes: twoside 
* h-part:(L,W,R)=(56.9055pt, 483.69687pt, 56.9055pt)
* v-part:(T,H,B)=(42.67912pt, 766.80179pt, 35.56593pt)
* \paperwidth=597.50787pt
* \paperheight=845.04684pt
* \textwidth=483.69687pt
* \textheight=766.80179pt
* \oddsidemargin=-15.36449pt
* \evensidemargin=-15.36449pt
* \topmargin=-61.46466pt
* \headheight=12.0pt
* \headsep=19.8738pt
* \topskip=12.0pt
* \footskip=30.0pt
* \marginparwidth=88.0pt
* \marginparsep=7.0pt
* \columnsep=10.0pt
* \skip\footins=10.8pt plus 4.0pt minus 2.0pt
* \hoffset=0.0pt
* \voffset=0.0pt
* \mag=1000
* \@twocolumnfalse
* \@twosidetrue
* \@mparswitchtrue
* \@reversemarginfalse
* (1in=72.27pt=25.4mm, 1cm=28.453pt)

<logo_ups_EOBE.png, id=367, 1734.48pt x 397.485pt>
File: logo_ups_EOBE.png Graphic file (type png)
<use logo_ups_EOBE.png>
Package pdftex.def Info: logo_ups_EOBE.png  used on input line 173.
(pdftex.def)             Requested size: 304.17374pt x 69.70915pt.
Package mdframed Info: mdframed works in twoside mode on input line 179.
Package mdframed Info: mdframed works in twoside mode on input line 194.
 [2

 <./logo_ups_EOBE.png>]
*geometry* verbose mode - [ newgeometry ] result:
* driver: pdftex
* paper: a4paper
* layout: <same size as paper>
* layoutoffset:(h,v)=(0.0pt,0.0pt)
* modes: twoside 
* h-part:(L,W,R)=(56.9055pt, 483.69687pt, 56.9055pt)
* v-part:(T,H,B)=(113.81102pt, 617.4248pt, 113.81102pt)
* \paperwidth=597.50787pt
* \paperheight=845.04684pt
* \textwidth=483.69687pt
* \textheight=617.4248pt
* \oddsidemargin=-15.36449pt
* \evensidemargin=-15.36449pt
* \topmargin=9.66724pt
* \headheight=12.0pt
* \headsep=19.8738pt
* \topskip=12.0pt
* \footskip=30.0pt
* \marginparwidth=88.0pt
* \marginparsep=7.0pt
* \columnsep=10.0pt
* \skip\footins=10.8pt plus 4.0pt minus 2.0pt
* \hoffset=0.0pt
* \voffset=0.0pt
* \mag=1000
* \@twocolumnfalse
* \@twosidetrue
* \@mparswitchtrue
* \@reversemarginfalse
* (1in=72.27pt=25.4mm, 1cm=28.453pt)


(Modele_These_UParisSaclay_2022.toc [3


] [4])
\tf@toc=\write6
\openout6 = `Modele_These_UParisSaclay_2022.toc'.

 [5]
*geometry* verbose mode - [ newgeometry ] result:
* driver: pdftex
* paper: a4paper
* layout: <same size as paper>
* layoutoffset:(h,v)=(0.0pt,0.0pt)
* modes: twoside 
* h-part:(L,W,R)=(71.13188pt, 455.24411pt, 71.13188pt)
* v-part:(T,H,B)=(113.81102pt, 617.4248pt, 113.81102pt)
* \paperwidth=597.50787pt
* \paperheight=845.04684pt
* \textwidth=455.24411pt
* \textheight=617.4248pt
* \oddsidemargin=-1.1381pt
* \evensidemargin=-1.1381pt
* \topmargin=9.66724pt
* \headheight=12.0pt
* \headsep=19.8738pt
* \topskip=12.0pt
* \footskip=30.0pt
* \marginparwidth=88.0pt
* \marginparsep=7.0pt
* \columnsep=10.0pt
* \skip\footins=10.8pt plus 4.0pt minus 2.0pt
* \hoffset=0.0pt
* \voffset=0.0pt
* \mag=1000
* \@twocolumnfalse
* \@twosidetrue
* \@mparswitchtrue
* \@reversemarginfalse
* (1in=72.27pt=25.4mm, 1cm=28.453pt)

\openout2 = `Introduction.aux'.

 (Introduction.tex [6



]
LaTeX Font Info:    Font shape `TS1/opensans-TOsF/m/n' will be
(Font)              scaled to size 10.40245pt on input line 4.
 [7{C:/Users/Matth/AppData/Local/Programs/MiKTeX/fonts/enc/dvips/opensans/a_nvv
ucy.enc}] [8

]
Chapitre 1.

Underfull \hbox (badness 10000) in paragraph at lines 15--16

 []

LaTeX Font Info:    Font shape `T1/opensans-TOsF/m/it' will be
(Font)              scaled to size 10.40245pt on input line 17.

Underfull \hbox (badness 10000) in paragraph at lines 20--21

 []

[9]
Underfull \hbox (badness 10000) in paragraph at lines 38--39

 []

[10]
Underfull \hbox (badness 10000) in paragraph at lines 46--47

 []

[11]
Underfull \hbox (badness 10000) in paragraph at lines 79--80

 []

[12]
Underfull \hbox (badness 10000) in paragraph at lines 81--82

 []


Underfull \hbox (badness 10000) in paragraph at lines 83--84

 []


Underfull \hbox (badness 10000) in paragraph at lines 85--86

 []


Underfull \hbox (badness 10000) in paragraph at lines 87--88

 []

) [13]
\openout2 = `Problematique.aux'.

 (Problematique.tex [14




] [15] [16

]
Chapitre 2.
<apport_tactic.png, id=525, 985.43156pt x 302.63063pt>
File: apport_tactic.png Graphic file (type png)
<use apport_tactic.png>
Package pdftex.def Info: apport_tactic.png  used on input line 22.
(pdftex.def)             Requested size: 394.16565pt x 121.0501pt.
LaTeX Font Info:    Font shape `T1/opensans-TOsF/m/sc' will be
(Font)              scaled to size 11.39996pt on input line 24.
LaTeX Font Info:    Font shape `T1/opensans-TOsF/m/sc' will be
(Font)              scaled to size 10.40245pt on input line 24.

Underfull \hbox (badness 10000) in paragraph at lines 29--31

 []

[17]
<env.png, id=532, 1323.44438pt x 657.2053pt>
File: env.png Graphic file (type png)
<use env.png>
Package pdftex.def Info: env.png  used on input line 36.
(pdftex.def)             Requested size: 397.03638pt x 197.1631pt.

Overfull \hbox (1.4744pt too wide) in paragraph at lines 43--44
\T1/opensans-TOsF/m/sc/10.95 numrique trans-pa-rente ; il consti-tue une chan
e de trai-te-ments phy-siques et lo-giques qui condi-
 []

[18 <./apport_tactic.png>] [19 <./env.png>]
Underfull \hbox (badness 10000) in paragraph at lines 49--51

 []


Underfull \vbox (badness 10000) has occurred while \output is active []

 [20]
<dragon.png, id=565, 1324.95pt x 502.12593pt>
File: dragon.png Graphic file (type png)
<use dragon.png>
Package pdftex.def Info: dragon.png  used on input line 59.
(pdftex.def)             Requested size: 397.48807pt x 150.63893pt.
<IOexemple.png, id=566, 1300.1072pt x 544.28343pt>
File: IOexemple.png Graphic file (type png)
<use IOexemple.png>
Package pdftex.def Info: IOexemple.png  used on input line 68.
(pdftex.def)             Requested size: 390.03517pt x 163.28629pt.

[21 <./dragon.png>] [22 <./IOexemple.png>]
Underfull \hbox (badness 10000) in paragraph at lines 83--84

 []


Underfull \hbox (badness 10000) in paragraph at lines 85--86

 []


Overfull \hbox (7.85065pt too wide) in paragraph at lines 87--88
\T1/opensans-TOsF/m/sc/10.95 trale et la ca-rac-t-ri-sa-tion tem-po-relle. Pou
r s'abs-traire de la si-mu-la-tion co-teuse du temps continu,
 []


Underfull \hbox (badness 10000) in paragraph at lines 87--88

 []


Underfull \hbox (badness 10000) in paragraph at lines 89--90

 []

[23]
Underfull \hbox (badness 10000) in paragraph at lines 91--92

 []

[24]
Underfull \hbox (badness 10000) in paragraph at lines 106--107

 []

[25]
Underfull \hbox (badness 10000) in paragraph at lines 111--112

 []


Underfull \hbox (badness 10000) in paragraph at lines 113--114

 []


Underfull \hbox (badness 10000) in paragraph at lines 115--116

 []

[26]) [27]
\openout2 = `"Etat de l art.aux"'.

 (Etat de l art.tex [28




]
Overfull \hbox (5.0637pt too wide) in paragraph at lines 27--28
[]\T1/opensans-TOsF/m/sc/10.95 Cette sec-tion pr-sente les ar-chi-tec-tures co
nnues pour leurs ca-pa-ci-ts  trai-ter des s-quences,
 []

[29] [30]
Chapitre 3.
[31

]
Underfull \hbox (badness 10000) in paragraph at lines 103--104

 []


Underfull \vbox (badness 2035) has occurred while \output is active []

 [32]
Underfull \hbox (badness 10000) in paragraph at lines 114--115

 []

[33]
Underfull \hbox (badness 10000) in paragraph at lines 122--123

 []


Underfull \hbox (badness 10000) in paragraph at lines 124--125

 []


Underfull \hbox (badness 10000) in paragraph at lines 129--130

 []


Underfull \hbox (badness 10000) in paragraph at lines 134--135

 []

[34]
Underfull \hbox (badness 10000) in paragraph at lines 144--145

 []


Underfull \hbox (badness 10000) in paragraph at lines 146--147

 []


Underfull \hbox (badness 10000) in paragraph at lines 148--149

 []

[35] [36] [37]
Overfull \hbox (14.96788pt too wide) in paragraph at lines 182--183
\T1/opensans-TOsF/m/sc/10.95 co-sys-tme r-ac-tif et adap-ta-tif. L'ob-jec-ti
f est d'en-ri-chir la dy-na-mique in-ter-ac-tion-nelle pour confron-
 []


Underfull \hbox (badness 10000) in paragraph at lines 188--189

 []

[38]
Overfull \hbox (4.24686pt too wide) in paragraph at lines 193--194
[]\T1/opensans-TOsF/m/sc/10.95 Au re-gard des dis-tinc-tions ta-blies pr-c-d
em-ment, la clas-si-fi-ca-tion du sys-tme tu-di s'opre
 []


Underfull \hbox (badness 10000) in paragraph at lines 193--194

 []

[39] [40] [41] [42]
LaTeX Font Info:    Font shape `T1/opensans-TOsF/m/n' will be
(Font)              scaled to size 5.69998pt on input line 250.

Overfull \hbox (8.37344pt too wide) in paragraph at lines 250--251
\T1/opensans-TOsF/m/sc/10.95 RNN, Trans-for-mer) est de mo-d-li-ser cette fonc
-tion de d-pen-dance condi-tion-nelle $\OML/cmm/m/it/10.95 P\OT1/cmr/m/n/10.95
 (\OML/cmm/m/it/10.95 x[]\OMS/cmsy/m/n/10.95 j[]\OT1/cmr/m/n/10.95 )$\T1/opensa
ns-TOsF/m/sc/10.95 .
 []

[43]
Underfull \hbox (badness 10000) in paragraph at lines 261--262

 []


Underfull \hbox (badness 10000) in paragraph at lines 264--266

 []

[44]
Underfull \hbox (badness 10000) in paragraph at lines 281--283

 []

<BasicConvolution.png, id=801, 1152.55594pt x 533.74406pt>
File: BasicConvolution.png Graphic file (type png)
<use BasicConvolution.png>
Package pdftex.def Info: BasicConvolution.png  used on input line 286.
(pdftex.def)             Requested size: 288.13828pt x 133.43568pt.
<ComparaisonConvolution.png, id=804, 941.76843pt x 399.74344pt>
File: ComparaisonConvolution.png Graphic file (type png)
<use ComparaisonConvolution.png>
Package pdftex.def Info: ComparaisonConvolution.png  used on input line 296.
(pdftex.def)             Requested size: 423.79187pt x 179.88287pt.
[45] [46 <./BasicConvolution.png>] [47 <./ComparaisonConvolution.png>] [48]
Underfull \hbox (badness 10000) in paragraph at lines 328--330

 []


Underfull \hbox (badness 10000) in paragraph at lines 331--332

 []


Underfull \hbox (badness 10000) in paragraph at lines 341--343

 []

[49]
<BasicRNN.png, id=875, 770.12718pt x 249.93375pt>
File: BasicRNN.png Graphic file (type png)
<use BasicRNN.png>
Package pdftex.def Info: BasicRNN.png  used on input line 346.
(pdftex.def)             Requested size: 269.54854pt x 87.47812pt.
<ComparaisonRNN.png, id=878, 1030.60031pt x 338.01282pt>
File: ComparaisonRNN.png Graphic file (type png)
<use ComparaisonRNN.png>
Package pdftex.def Info: ComparaisonRNN.png  used on input line 356.
(pdftex.def)             Requested size: 412.23282pt x 135.20271pt.
 [50 <./BasicRNN.png>] [51 <./ComparaisonRNN.png>]
Underfull \hbox (badness 10000) in paragraph at lines 378--379

 []

[52]
Underfull \hbox (badness 10000) in paragraph at lines 383--384

 []


Underfull \hbox (badness 10000) in paragraph at lines 385--386

 []

<simple_transformer.png, id=926, 538.26094pt x 271.0125pt>
File: simple_transformer.png Graphic file (type png)
<use simple_transformer.png>
Package pdftex.def Info: simple_transformer.png  used on input line 390.
(pdftex.def)             Requested size: 296.04443pt x 149.05733pt.
<full_transformer.png, id=928, 715.17188pt x 608.2725pt>
File: full_transformer.png Graphic file (type png)
<use full_transformer.png>
Package pdftex.def Info: full_transformer.png  used on input line 399.
(pdftex.def)             Requested size: 286.06367pt x 243.30469pt.
[53]
<enc_transformer.png, id=938, 721.19438pt x 590.205pt>
File: enc_transformer.png Graphic file (type png)
<use enc_transformer.png>
Package pdftex.def Info: enc_transformer.png  used on input line 409.
(pdftex.def)             Requested size: 288.47264pt x 236.0778pt.
<dec_transformer.png, id=940, 854.44218pt x 615.80063pt>
File: dec_transformer.png Graphic file (type png)
<use dec_transformer.png>
Package pdftex.def Info: dec_transformer.png  used on input line 419.
(pdftex.def)             Requested size: 341.77081pt x 246.31589pt.
 [54 <./simple_transformer.png>] [55 <./full_transformer.png> <./enc_transforme
r.png>]
Underfull \hbox (badness 10000) in paragraph at lines 426--427

 []

[56 <./dec_transformer.png>]

LaTeX Warning: Command \textquoteright invalid in math mode on input line 437.


LaTeX Warning: Command \textquoteright invalid in math mode on input line 437.


Underfull \hbox (badness 10000) in paragraph at lines 446--447

 []


Overfull \hbox (3.8315pt too wide) in paragraph at lines 448--450
\T1/opensans-TOsF/m/sc/10.95 d'avoir un tri-plet de fonc-tions de pro-jec-tion 
$\OML/cmm/m/it/10.95 Q; K; V$ \T1/opensans-TOsF/m/sc/10.95 nous dis-po-sons de 
$\OML/cmm/m/it/10.95 h$ \T1/opensans-TOsF/m/sc/10.95 tri-plets $\OT1/cmr/m/n/10
.95 (\OML/cmm/m/it/10.95 Q[]; K[]; V[]\OT1/cmr/m/n/10.95 )[]$\T1/opensans-TOsF/
m/sc/10.95 .
 []


Overfull \hbox (0.42383pt too wide) in paragraph at lines 459--461
[]\T1/opensans-TOsF/m/sc/10.95 En pra-tique, on dis-pose donc de $\OML/cmm/m/it
/10.95 h$ \T1/opensans-TOsF/m/sc/10.95 tri-plets de s-quences $\OT1/cmr/m/n/10
.95 (\OMS/cmsy/m/n/10.95 Q[]\OML/cmm/m/it/10.95 ; \OMS/cmsy/m/n/10.95 K[]\OML/c
mm/m/it/10.95 ; \OMS/cmsy/m/n/10.95 V[]\OT1/cmr/m/n/10.95 )[]$\T1/opensans-TOsF
/m/sc/10.95 . Le cal-cul de chaque
 []


LaTeX Warning: Command \textquoteright invalid in math mode on input line 461.


LaTeX Warning: Command \textquoteright invalid in math mode on input line 461.


Underfull \hbox (badness 10000) in paragraph at lines 467--469

 []


Underfull \hbox (badness 10000) in paragraph at lines 470--471

 []


Overfull \hbox (20.01668pt too wide) in paragraph at lines 472--473
\T1/opensans-TOsF/m/sc/10.95 tan-dis que l'en-semble des paires cl-valeur est 
g-nr par la source, soit $[][] \OT1/cmr/m/n/10.95 = \OMS/cmsy/m/n/10.95 f\OT
1/cmr/m/n/10.95 (\OML/cmm/m/it/10.95 K[]\OT1/cmr/m/n/10.95 (\OML/cmm/m/it/10.95
 y[]\OT1/cmr/m/n/10.95 )\OML/cmm/m/it/10.95 ; V[]\OT1/cmr/m/n/10.95 (\OML/cmm/m
/it/10.95 y[]\OT1/cmr/m/n/10.95 ))\OMS/cmsy/m/n/10.95 g[]$\T1/opensans-TOsF/m/s
c/10.95 .
 []


Underfull \hbox (badness 10000) in paragraph at lines 472--473

 []

[57]
<cross_attention.png, id=982, 1087.06125pt x 599.23875pt>
File: cross_attention.png Graphic file (type png)
<use cross_attention.png>
Package pdftex.def Info: cross_attention.png  used on input line 476.
(pdftex.def)             Requested size: 434.81679pt x 239.69125pt.

Overfull \hbox (4.04698pt too wide) in paragraph at lines 482--483
[]\T1/opensans-TOsF/m/sc/10.95 Deuximement, lorsque l'ob-jec-tif est d'en-ri-c
hir une s-quence $\OT1/cmr/m/n/10.95 (\OML/cmm/m/it/10.95 x[]\OT1/cmr/m/n/10.9
5 )[]$ \T1/opensans-TOsF/m/sc/10.95 par son propre contexte,
 []


Underfull \hbox (badness 10000) in paragraph at lines 482--483

 []

[58 <./cross_attention.png>]
Underfull \hbox (badness 10000) in paragraph at lines 490--492

 []

<self_attention.png, id=995, 1090.82532pt x 588.69937pt>
File: self_attention.png Graphic file (type png)
<use self_attention.png>
Package pdftex.def Info: self_attention.png  used on input line 498.
(pdftex.def)             Requested size: 436.3224pt x 235.47557pt.
[59] [60 <./self_attention.png>] [61])
Overfull \hbox (9.34111pt too wide) in paragraph at lines 531--239
\T1/opensans-TOsF/m/sc/10.95 plexes non-locales et ap-prendre la fonc-tion de t
rans-fert glo-bale du si-mu-la-teur sans les contraintes
 []

[62]
\openout2 = `EUSIPCO.aux'.

 (EUSIPCO.tex
Chapitre 4.

Underfull \hbox (badness 10000) in paragraph at lines 3--4

 []


Underfull \hbox (badness 10000) in paragraph at lines 5--6

 []


Underfull \hbox (badness 10000) in paragraph at lines 7--8

 []


Underfull \hbox (badness 10000) in paragraph at lines 9--10

 []


Underfull \hbox (badness 10000) in paragraph at lines 11--12

 []


Underfull \hbox (badness 10000) in paragraph at lines 13--14

 []


LaTeX Warning: Citation 'baginski_one_2023' on page 63 undefined on input line 
15.


LaTeX Warning: Citation 'kim_generalized_2024' on page 63 undefined on input li
ne 15.


Underfull \hbox (badness 10000) in paragraph at lines 15--16

 []

[63




]
Underfull \hbox (badness 10000) in paragraph at lines 17--18

 []


Underfull \hbox (badness 10000) in paragraph at lines 23--24

 []


Underfull \hbox (badness 10000) in paragraph at lines 23--24

 []


Underfull \hbox (badness 10000) in paragraph at lines 27--28

 []


Underfull \vbox (badness 1038) has occurred while \output is active []

 [64]
Underfull \hbox (badness 10000) in paragraph at lines 31--32

 []


Underfull \hbox (badness 10000) in paragraph at lines 33--34

 []


Underfull \hbox (badness 10000) in paragraph at lines 47--48

 []

[65]
Underfull \hbox (badness 10000) in paragraph at lines 62--63

 []

<Sorting.png, id=1076, 657.05475pt x 386.6445pt>
File: Sorting.png Graphic file (type png)
<use Sorting.png>
Package pdftex.def Info: Sorting.png  used on input line 66.
(pdftex.def)             Requested size: 361.38123pt x 212.65512pt.
[66 <./Sorting.png>]
Overfull \hbox (1.94693pt too wide) in paragraph at lines 77--78
[]\T1/opensans-TOsF/m/sc/10.95 Pour ca-rac-t-ri-ser cette me-sure de dif-fi-cu
lt, nous d-fi-nis-sons deux m-triques in-ter-m-diaires
 []


Underfull \hbox (badness 10000) in paragraph at lines 82--83

 []


Overfull \hbox (21.80388pt too wide) in paragraph at lines 84--85
\T1/opensans-TOsF/m/sc/10.95 fixe pour la g-n-ra-tion des don-nes, cor-res-
pon-dant  l'in-ter-valle dans le-quel les $\OML/cmm/m/it/10.95 ^^V[]$ \T1/open
sans-TOsF/m/sc/10.95 sont contraintes
 []


Underfull \hbox (badness 10000) in paragraph at lines 84--85

 []


Overfull \hbox (1.82877pt too wide) in paragraph at lines 86--87
[]\T1/opensans-TOsF/m/sc/10.95 Nous pou-vons  pr-sent in-tro-duire le \T1/ope
nsans-TOsF/b/n/10.95 ra-tio de s-pa-ra-bi-lit $\OML/cmm/m/it/10.95 r$ \T1/ope
nsans-TOsF/m/sc/10.95 d'une s-quence, d-fi-nit comme
 []


Underfull \hbox (badness 10000) in paragraph at lines 97--98

 []

[67] [68]
Underfull \hbox (badness 10000) in paragraph at lines 150--151

 []

LaTeX Font Info:    Trying to load font information for U+dsrom on input line 1
60.
(C:\Users\Matth\AppData\Local\Programs\MiKTeX\tex/latex/doublestroke\udsrom.fd
File: Udsrom.fd 1995/08/01 v0.1 Double stroke roman font definitions
)
Underfull \hbox (badness 10000) in paragraph at lines 171--172

 []

[69]
Underfull \hbox (badness 10000) in paragraph at lines 173--174

 []


Underfull \hbox (badness 10000) in paragraph at lines 175--176

 []


Overfull \hbox (133.02666pt too wide) in paragraph at lines 177--178
\T1/opensans-TOsF/m/sc/10.95 tra-vers 9 fe-ntres suc-ces-sives, sui-vant la su
ite de va-leurs $\OML/cmm/m/it/10.95 ^^U \OMS/cmsy/m/n/10.95 2 \OT1/cmr/m/n/10.
95 [1; 3\OML/cmm/m/it/10.95 :\OT1/cmr/m/n/10.95 10[]; 1\OML/cmm/m/it/10.95 :\OT
1/cmr/m/n/10.95 10[]; 3\OML/cmm/m/it/10.95 :\OT1/cmr/m/n/10.95 10[]; 1\OML/cmm/
m/it/10.95 :\OT1/cmr/m/n/10.95 10[]; 3\OML/cmm/m/it/10.95 :\OT1/cmr/m/n/10.95 1
0[]; 1\OML/cmm/m/it/10.95 :\OT1/cmr/m/n/10.95 10[]; 3\OML/cmm/m/it/10.95 :\OT1/
cmr/m/n/10.95 10[]; 1\OML/cmm/m/it/10.95 :\OT1/cmr/m/n/10.95 10[]]$\T1/opensans
-TOsF/m/sc/10.95 ,
 []


Overfull \hbox (1.17519pt too wide) in paragraph at lines 183--184
[]\T1/opensans-TOsF/m/sc/10.95 Cette sec-tion pr-sente l'va-lua-tion des per-
for-mances des mo-dles sur la tche de tri continu. 
 []

[70]
<CartoBaseline.png, id=1115, 864.831pt x 397.485pt>
File: CartoBaseline.png Graphic file (type png)
<use CartoBaseline.png>
Package pdftex.def Info: CartoBaseline.png  used on input line 193.
(pdftex.def)             Requested size: 345.92627pt x 158.99118pt.
 [71 <./CartoBaseline.png>]
Underfull \hbox (badness 10000) in paragraph at lines 203--204

 []


Underfull \hbox (badness 10000) in paragraph at lines 205--206

 []

<PerfBaseline.png, id=1126, 462.528pt x 238.491pt>
File: PerfBaseline.png Graphic file (type png)
<use PerfBaseline.png>
Package pdftex.def Info: PerfBaseline.png  used on input line 211.
(pdftex.def)             Requested size: 370.02289pt x 190.79305pt.

Underfull \hbox (badness 10000) in paragraph at lines 218--219

 []


Underfull \hbox (badness 10000) in paragraph at lines 220--221

 []

<CartoMethod.png, id=1128, 1377.948pt x 712.46175pt>
File: CartoMethod.png Graphic file (type png)
<use CartoMethod.png>
Package pdftex.def Info: CartoMethod.png  used on input line 224.
(pdftex.def)             Requested size: 413.38759pt x 213.74017pt.
[72] [73 <./PerfBaseline.png>]
<PerfMethod.png, id=1142, 462.528pt x 250.0542pt>
File: PerfMethod.png Graphic file (type png)
<use PerfMethod.png>
Package pdftex.def Info: PerfMethod.png  used on input line 234.
(pdftex.def)             Requested size: 370.02289pt x 200.04361pt.

Underfull \hbox (badness 10000) in paragraph at lines 241--242

 []

) [74 <./CartoMethod.png>] [75 <./PerfMethod.png>]
\openout2 = `GrosTAF.aux'.

 (GrosTAF.tex [76




]
Chapitre 5.
) [77]
\openout2 = `Stage.aux'.

 (Stage.tex [78




]
Chapitre 6.

Underfull \hbox (badness 10000) in paragraph at lines 18--19

 []


Overfull \hbox (0.75357pt too wide) in paragraph at lines 27--28
[]\T1/opensans-TOsF/b/n/10.95 Architectures at-ten-tion-nelles (Trans-for-mers)
 : \T1/opensans-TOsF/m/sc/10.95 Bien que plus ro-bustes, elles pr-sentent
 []

[79] [80] [81] [82] [83]
Underfull \hbox (badness 10000) in paragraph at lines 144--146

 []

[84]
Underfull \hbox (badness 10000) in paragraph at lines 154--155

 []


Underfull \hbox (badness 10000) in paragraph at lines 156--157

 []


Underfull \hbox (badness 10000) in paragraph at lines 160--162

 []

[85]
Underfull \hbox (badness 10000) in paragraph at lines 175--176

 []

[86]
Underfull \hbox (badness 10000) in paragraph at lines 216--217

 []


Underfull \hbox (badness 10000) in paragraph at lines 231--232

 []

[87]
Underfull \hbox (badness 10000) in paragraph at lines 257--258

 []

[88]
Underfull \hbox (badness 10000) in paragraph at lines 270--271

 []


Overfull \hbox (4.06923pt too wide) in paragraph at lines 291--292
[]\T1/opensans-TOsF/m/sc/10.95 Cette sec-tion pr-sente les per-for-mances com-
pa-res des trois ar-chi-tec-tures (GRU, TCN, Trans-
 []


Underfull \hbox (badness 10000) in paragraph at lines 311--312

 []


Overfull \hbox (9.40222pt too wide) in paragraph at lines 315--324
 [][] 
 []


LaTeX Warning: `h' float specifier changed to `ht'.


Overfull \hbox (6.79599pt too wide) in paragraph at lines 328--329
[]\T1/opensans-TOsF/m/sc/10.95 On ob-serve que l'ar-chi-tec-ture Trans-for-mer 
offre la meilleure fi-d-lit de re-cons-truc-tion ($\OMS/cmsy/m/n/10.95 L[] \O
T1/cmr/m/n/10.95 =
 []


Underfull \hbox (badness 10000) in paragraph at lines 328--329

 []

[89]
Underfull \hbox (badness 10000) in paragraph at lines 334--335

 []

[90]
Underfull \hbox (badness 10000) in paragraph at lines 383--384

 []

[91]) [92]
LaTeX Font Info:    Font shape `T1/opensans-TOsF/m/it' will be
(Font)              scaled to size 11.39996pt on input line 247.

Overfull \hbox (3.47374pt too wide) in paragraph at lines 248--248
\T1/opensans-TOsF/m/sc/12 Ar-tech, 2001. url : [][]$\T1/cmtt/m/n/12 https : / /
 ieeexplore . ieee . org / abstract / document / 9101100/$[][]
 []

[93



]
Overfull \hbox (1.93965pt too wide) in paragraph at lines 248--248
\T1/cmtt/m/n/12 Virtual + Reality+ : +Interface ,[] +Application ,[] +and + Des
ign & ots = QT0icdfR4U &
 []


Overfull \hbox (26.72424pt too wide) in paragraph at lines 248--248
\T1/cmtt/m/n/12 Modelica & ots = cZ60scKEkN & sig = SxTVWzN56d47byaUV6l _ Qq0vZ
oE$[][] \T1/opensans-TOsF/m/sc/12 (vi-sit le 26/11/2025). 
 []


Overfull \hbox (8.70377pt too wide) in paragraph at lines 248--248
\T1/cmtt/m/n/12 20for % 20Real -[] Time % 20Radiance % 20Field % 20Rendering . 
pdf$[][] \T1/opensans-TOsF/m/sc/12 (vi-sit le 26/11/2025). 
 []

[94]
Overfull \hbox (38.4806pt too wide) in paragraph at lines 248--248
\T1/cmtt/m/n/12 / / proceedings . neurips . cc / paper / 2019 / hash / 26cd8eca
dce0d4efd6cc8a8725cbd1f8 -[]
 []


Overfull \hbox (236.03236pt too wide) in paragraph at lines 248--248
\T1/cmtt/m/n/12 token = uxVzaLwHPRIAAAAA : ABf8yG3mit_ -[] tnl5ZCgrjrpH2A _ BCl
8nsu5zAdIGdvnCQ2HUA0cQqPyuGJEWgDg4MSMrH4DvTYUcfmSITqw$[][]
 []

[95]
Overfull \hbox (131.80363pt too wide) in paragraph at lines 248--248
\T1/opensans-TOsF/m/sc/12 (2019). url : [][]$\T1/cmtt/m/n/12 https : / / procee
dings . neurips . cc / paper / 2019 / hash / 5f8e2fa1718d1bbcadf1cd9c7a54fb8c -
[]
 []


Overfull \hbox (8.5417pt too wide) in paragraph at lines 248--248
[]\T1/opensans-TOsF/m/sc/12 David []Ha []et Jr-gen []Schmidhuber[]. ``World mo
-dels''. In : \T1/opensans-TOsF/m/it/12 arXiv pre-print arXiv :1803.10122
 []

[96]
Overfull \hbox (125.81981pt too wide) in paragraph at lines 248--248
\T1/opensans-TOsF/m/sc/12 6851. url : [][]$\T1/cmtt/m/n/12 https : / / proceedi
ngs . neurips . cc / paper / 2020 / hash / 4c5bcfec8584af0d967f1ab10179ca4b -[]

 []


Overfull \hbox (9.32771pt too wide) in paragraph at lines 248--248
[]\T1/opensans-TOsF/m/sc/12 Alec []Radford []et al. ``Im-pro-ving lan-guage un-
ders-tan-ding by ge-ne-ra-tive pre-training''.
 []

[97]
Overfull \hbox (2.53027pt too wide) in paragraph at lines 248--248
\T1/cmtt/m/n/12 hash / c399862d3b9d6b76c8436e924a68c45b -[] Abstract . html$[][
] \T1/opensans-TOsF/m/sc/12 (vi-sit le 26/11/2025). 
 []


Overfull \hbox (4.12482pt too wide) in paragraph at lines 248--248
[]\T1/opensans-TOsF/m/sc/12 Karen []Simonyan []et An-drew []Zisserman[]. \T1/op
ensans-TOsF/m/it/12 Very Deep Convo-lu-tio-nal Net-works for Large-
 []

[98]
Overfull \hbox (3.38264pt too wide) in paragraph at lines 248--248
[]\T1/opensans-TOsF/m/sc/12 Du []Tran []et al. ``Lear-ning spa-tio-tem-po-ral f
ea-tures with 3d convo-lu-tio-nal net-works''.
 []


Overfull \hbox (5.75339pt too wide) in paragraph at lines 248--248
\T1/opensans-TOsF/m/sc/12 In : \T1/opensans-TOsF/m/it/12 Pro-cee-dings of the I
EEE in-ter-na-tio-nal confe-rence on com-pu-ter vi-sion\T1/opensans-TOsF/m/sc/1
2 . 2015, p. 4489-
 []


Overfull \hbox (75.52156pt too wide) in paragraph at lines 248--248
[][]$\T1/cmtt/m/n/12 https : / / proceedings . neurips . cc / paper / 2017 / ha
sh / 5dd9db5e033da9c6fb5ba83c7a7ebea9 -[]
 []

[99] [100]
Overfull \hbox (26.13362pt too wide) in paragraph at lines 248--248
\T1/cmtt/m/n/12 neurips . cc / paper _ files / paper / 2015 / hash / 29921001f2
f04bd3baee84a12e98098f -[]
 []


Overfull \hbox (36.0551pt too wide) in paragraph at lines 248--248
\T1/opensans-TOsF/m/it/12 no-lo-gies, vo-lume 1 (long and short pa-pers)\T1/ope
nsans-TOsF/m/sc/12 . 2019, p. 4171-4186. url : [][]$\T1/cmtt/m/n/12 https : / /
 aclanthology .
 []


Overfull \hbox (186.64442pt too wide) in paragraph at lines 248--248
\T1/cmtt/m/n/12 medium = email & _hsenc = p2ANqtz -[] _m9bbH _ 7ECE1h3lZ3D61TYg
52rKpifVNjL4fvJ85uqggrXsWDBTB7YooFLJeNXHWqhvOyC$[][]
 []


Overfull \hbox (1.23154pt too wide) in paragraph at lines 248--248
\T1/opensans-TOsF/m/it/12 in-for-ma-tion pro-ces-sing sys-tems \T1/opensans-TOs
F/m/sc/12 33 (2020), p. 1877-1901. url : [][]$\T1/cmtt/m/n/12 https : / / proce
edings .
 []


Overfull \hbox (26.13362pt too wide) in paragraph at lines 248--248
\T1/cmtt/m/n/12 neurips . cc / paper _ files / paper / 2020 / hash / 1457c0d6bf
cb4967418bfb8ac142f64a -[]
 []

[101]
Overfull \hbox (132.28244pt too wide) in paragraph at lines 248--248
\T1/opensans-TOsF/m/sc/12 15097. url : [][]$\T1/cmtt/m/n/12 https : / / proceed
ings . neurips . cc / paper / 2021 / hash / 7f489f642a0ddb10272b5c31057f0663 -[
]
 []

[102] [103] (Modele_These_UParisSaclay_2022.aux (Introduction.aux)
(Problematique.aux) (Etat de l art.aux) (EUSIPCO.aux) (GrosTAF.aux) (Stage.aux)
)
 ***********
LaTeX2e <2025-11-01>
L3 programming layer <2025-10-24>
 ***********


LaTeX Font Warning: Some font shapes were not available, defaults substituted.

Package rerunfilecheck Info: File `Modele_These_UParisSaclay_2022.out' has not 
changed.
(rerunfilecheck)             Checksum: A5E273390ABCF854FF03A215F3DB6D49;23941.
Package logreq Info: Writing requests to 'Modele_These_UParisSaclay_2022.run.xm
l'.
\openout1 = `Modele_These_UParisSaclay_2022.run.xml'.

 ) 
Here is how much of TeX's memory you used:
 35291 strings out of 467871
 687299 string characters out of 5418375
 1632183 words of memory out of 5000000
 63171 multiletter control sequences out of 15000+600000
 654707 words of font info for 123 fonts, out of 8000000 for 9000
 1141 hyphenation exceptions out of 8191
 102i,15n,117p,2577b,2269s stack positions out of 10000i,1000n,20000p,200000b,200000s
 <C:\Users\Matth\AppData\Local\MiKTeX\fonts/pk/ljfour/jknappen/ec/dpi600\ectt
1200.pk> <C:\Users\Matth\AppData\Local\MiKTeX\fonts/pk/ljfour/jknappen/ec/dpi60
0\ectt1095.pk><C:/Users/Matth/AppData/Local/Programs/MiKTeX/fonts/type1/ascende
r/opensans/OpenSans-Bold.pfb><C:/Users/Matth/AppData/Local/Programs/MiKTeX/font
s/type1/ascender/opensans/OpenSans-Italic.pfb><C:/Users/Matth/AppData/Local/Pro
grams/MiKTeX/fonts/type1/ascender/opensans/OpenSans-Regular.pfb><C:/Users/Matth
/AppData/Local/Programs/MiKTeX/fonts/type1/public/amsfonts/cm/cmbx10.pfb><C:/Us
ers/Matth/AppData/Local/Programs/MiKTeX/fonts/type1/public/amsfonts/cm/cmbx8.pf
b><C:/Users/Matth/AppData/Local/Programs/MiKTeX/fonts/type1/public/amsfonts/cm/
cmex10.pfb><C:/Users/Matth/AppData/Local/Programs/MiKTeX/fonts/type1/public/ams
fonts/cm/cmmi10.pfb><C:/Users/Matth/AppData/Local/Programs/MiKTeX/fonts/type1/p
ublic/amsfonts/cm/cmmi12.pfb><C:/Users/Matth/AppData/Local/Programs/MiKTeX/font
s/type1/public/amsfonts/cm/cmmi6.pfb><C:/Users/Matth/AppData/Local/Programs/MiK
TeX/fonts/type1/public/amsfonts/cm/cmmi8.pfb><C:/Users/Matth/AppData/Local/Prog
rams/MiKTeX/fonts/type1/public/amsfonts/cm/cmmib10.pfb><C:/Users/Matth/AppData/
Local/Programs/MiKTeX/fonts/type1/public/amsfonts/cm/cmr10.pfb><C:/Users/Matth/
AppData/Local/Programs/MiKTeX/fonts/type1/public/amsfonts/cm/cmr12.pfb><C:/User
s/Matth/AppData/Local/Programs/MiKTeX/fonts/type1/public/amsfonts/cm/cmr8.pfb><
C:/Users/Matth/AppData/Local/Programs/MiKTeX/fonts/type1/public/amsfonts/cm/cms
s10.pfb><C:/Users/Matth/AppData/Local/Programs/MiKTeX/fonts/type1/public/amsfon
ts/cm/cmsy10.pfb><C:/Users/Matth/AppData/Local/Programs/MiKTeX/fonts/type1/publ
ic/amsfonts/cm/cmsy6.pfb><C:/Users/Matth/AppData/Local/Programs/MiKTeX/fonts/ty
pe1/public/amsfonts/cm/cmsy8.pfb><C:/Users/Matth/AppData/Local/Programs/MiKTeX/
fonts/type1/public/doublestroke/dsrom10.pfb><C:/Users/Matth/AppData/Local/Progr
ams/MiKTeX/fonts/type1/public/amsfonts/symbols/msbm10.pfb>
Output written on Modele_These_UParisSaclay_2022.pdf (103 pages, 5739649 bytes)
.
PDF statistics:
 1823 PDF objects out of 2073 (max. 8388607)
 402 named destinations out of 1000 (max. 500000)
 811 words of extra memory for PDF output out of 10000 (max. 10000000)

